[INFO] Scanning for projects...
[INFO] 
[INFO] -------------------------< com.duc:VNPAY-Demo >-------------------------
[INFO] Building VNPAY-Demo 0.0.1-SNAPSHOT
[INFO] --------------------------------[ jar ]---------------------------------
[INFO] 
[INFO] --- maven-clean-plugin:3.2.0:clean (default-clean) @ VNPAY-Demo ---
[INFO] Deleting D:\Github_desktop_source\VNPAY-Springboot-Demo\target
[INFO] 
[INFO] --- maven-resources-plugin:3.3.1:resources (default-resources) @ VNPAY-Demo ---
[INFO] Copying 1 resource from src\main\resources to target\classes
[INFO] Copying 4 resources from src\main\resources to target\classes
[INFO] 
[INFO] --- maven-compiler-plugin:3.10.1:compile (default-compile) @ VNPAY-Demo ---
[INFO] Changes detected - recompiling the module!
[INFO] Compiling 4 source files to D:\Github_desktop_source\VNPAY-Springboot-Demo\target\classes
[INFO] /D:/Github_desktop_source/VNPAY-Springboot-Demo/src/main/java/com/duc/vnpaydemo/Config/VNPayService.java: Some input files use unchecked or unsafe operations.
[INFO] /D:/Github_desktop_source/VNPAY-Springboot-Demo/src/main/java/com/duc/vnpaydemo/Config/VNPayService.java: Recompile with -Xlint:unchecked for details.
[INFO] 
[INFO] --- maven-resources-plugin:3.3.1:testResources (default-testResources) @ VNPAY-Demo ---
[INFO] skip non existing resourceDirectory D:\Github_desktop_source\VNPAY-Springboot-Demo\src\test\resources
[INFO] 
[INFO] --- maven-compiler-plugin:3.10.1:testCompile (default-testCompile) @ VNPAY-Demo ---
[INFO] Changes detected - recompiling the module!
[INFO] Compiling 1 source file to D:\Github_desktop_source\VNPAY-Springboot-Demo\target\test-classes
[INFO] 
[INFO] --- maven-surefire-plugin:2.22.2:test (default-test) @ VNPAY-Demo ---
Downloading from central: https://repo.maven.apache.org/maven2/org/apache/maven/surefire/maven-surefire-common/2.22.2/maven-surefire-common-2.22.2.pom
Progress (1): 4.1 kB
Progress (1): 8.2 kB
Progress (1): 11 kB 
                   
Downloaded from central: https://repo.maven.apache.org/maven2/org/apache/maven/surefire/maven-surefire-common/2.22.2/maven-surefire-common-2.22.2.pom (11 kB at 11 kB/s)
Downloading from central: https://repo.maven.apache.org/maven2/org/apache/maven/plugin-tools/maven-plugin-annotations/3.5.2/maven-plugin-annotations-3.5.2.pom
Progress (1): 1.6 kB
                    
Downloaded from central: https://repo.maven.apache.org/maven2/org/apache/maven/plugin-tools/maven-plugin-annotations/3.5.2/maven-plugin-annotations-3.5.2.pom (1.6 kB at 9.8 kB/s)
Downloading from central: https://repo.maven.apache.org/maven2/org/apache/maven/plugin-tools/maven-plugin-tools/3.5.2/maven-plugin-tools-3.5.2.pom
Progress (1): 4.1 kB
Progress (1): 8.2 kB
Progress (1): 12 kB 
Progress (1): 15 kB
                   
Downloaded from central: https://repo.maven.apache.org/maven2/org/apache/maven/plugin-tools/maven-plugin-tools/3.5.2/maven-plugin-tools-3.5.2.pom (15 kB at 100 kB/s)
Downloading from central: https://repo.maven.apache.org/maven2/org/apache/maven/maven-parent/31/maven-parent-31.pom
Progress (1): 4.1 kB
Progress (1): 8.2 kB
Progress (1): 12 kB 
Progress (1): 16 kB
Progress (1): 20 kB
Progress (1): 25 kB
Progress (1): 29 kB
Progress (1): 33 kB
Progress (1): 37 kB
Progress (1): 41 kB
Progress (1): 43 kB
                   
Downloaded from central: https://repo.maven.apache.org/maven2/org/apache/maven/maven-parent/31/maven-parent-31.pom (43 kB at 273 kB/s)
Downloading from central: https://repo.maven.apache.org/maven2/org/codehaus/plexus/plexus-utils/1.5.15/plexus-utils-1.5.15.pom
Progress (1): 4.1 kB
Progress (1): 6.8 kB
                    
Downloaded from central: https://repo.maven.apache.org/maven2/org/codehaus/plexus/plexus-utils/1.5.15/plexus-utils-1.5.15.pom (6.8 kB at 44 kB/s)
Downloading from central: https://repo.maven.apache.org/maven2/org/apache/maven/surefire/surefire-api/2.22.2/surefire-api-2.22.2.pom
Progress (1): 3.5 kB
                    
Downloaded from central: https://repo.maven.apache.org/maven2/org/apache/maven/surefire/surefire-api/2.22.2/surefire-api-2.22.2.pom (3.5 kB at 24 kB/s)
Downloading from central: https://repo.maven.apache.org/maven2/org/apache/maven/surefire/surefire-logger-api/2.22.2/surefire-logger-api-2.22.2.pom
Progress (1): 2.0 kB
                    
Downloaded from central: https://repo.maven.apache.org/maven2/org/apache/maven/surefire/surefire-logger-api/2.22.2/surefire-logger-api-2.22.2.pom (2.0 kB at 14 kB/s)
Downloading from central: https://repo.maven.apache.org/maven2/org/apache/maven/surefire/surefire-booter/2.22.2/surefire-booter-2.22.2.pom
Progress (1): 4.1 kB
Progress (1): 7.5 kB
                    
Downloaded from central: https://repo.maven.apache.org/maven2/org/apache/maven/surefire/surefire-booter/2.22.2/surefire-booter-2.22.2.pom (7.5 kB at 45 kB/s)
Downloading from central: https://repo.maven.apache.org/maven2/org/apache/maven/maven-plugin-descriptor/2.2.1/maven-plugin-descriptor-2.2.1.pom
Progress (1): 2.1 kB
                    
Downloaded from central: https://repo.maven.apache.org/maven2/org/apache/maven/maven-plugin-descriptor/2.2.1/maven-plugin-descriptor-2.2.1.pom (2.1 kB at 11 kB/s)
Downloading from central: https://repo.maven.apache.org/maven2/junit/junit/4.12/junit-4.12.pom
Progress (1): 4.1 kB
Progress (1): 8.2 kB
Progress (1): 12 kB 
Progress (1): 16 kB
Progress (1): 20 kB
Progress (1): 24 kB
                   
Downloaded from central: https://repo.maven.apache.org/maven2/junit/junit/4.12/junit-4.12.pom (24 kB at 143 kB/s)
Downloading from central: https://repo.maven.apache.org/maven2/org/hamcrest/hamcrest-core/1.3/hamcrest-core-1.3.pom
Progress (1): 766 B
                   
Downloaded from central: https://repo.maven.apache.org/maven2/org/hamcrest/hamcrest-core/1.3/hamcrest-core-1.3.pom (766 B at 4.8 kB/s)
Downloading from central: https://repo.maven.apache.org/maven2/org/hamcrest/hamcrest-parent/1.3/hamcrest-parent-1.3.pom
Progress (1): 2.0 kB
                    
Downloaded from central: https://repo.maven.apache.org/maven2/org/hamcrest/hamcrest-parent/1.3/hamcrest-parent-1.3.pom (2.0 kB at 13 kB/s)
Downloading from central: https://repo.maven.apache.org/maven2/org/codehaus/plexus/plexus-utils/1.0.4/plexus-utils-1.0.4.pom
Progress (1): 4.1 kB
Progress (1): 6.9 kB
                    
Downloaded from central: https://repo.maven.apache.org/maven2/org/codehaus/plexus/plexus-utils/1.0.4/plexus-utils-1.0.4.pom (6.9 kB at 43 kB/s)
Downloading from central: https://repo.maven.apache.org/maven2/org/apache/maven/maven-project/2.2.1/maven-project-2.2.1.pom
Progress (1): 2.8 kB
                    
Downloaded from central: https://repo.maven.apache.org/maven2/org/apache/maven/maven-project/2.2.1/maven-project-2.2.1.pom (2.8 kB at 20 kB/s)
Downloading from central: https://repo.maven.apache.org/maven2/org/apache/maven/maven-settings/2.2.1/maven-settings-2.2.1.pom
Progress (1): 2.2 kB
                    
Downloaded from central: https://repo.maven.apache.org/maven2/org/apache/maven/maven-settings/2.2.1/maven-settings-2.2.1.pom (2.2 kB at 15 kB/s)
Downloading from central: https://repo.maven.apache.org/maven2/org/codehaus/plexus/plexus-interpolation/1.11/plexus-interpolation-1.11.pom
Progress (1): 889 B
                   
Downloaded from central: https://repo.maven.apache.org/maven2/org/codehaus/plexus/plexus-interpolation/1.11/plexus-interpolation-1.11.pom (889 B at 5.6 kB/s)
Downloading from central: https://repo.maven.apache.org/maven2/org/codehaus/plexus/plexus-components/1.1.14/plexus-components-1.1.14.pom
Progress (1): 4.1 kB
Progress (1): 5.8 kB
                    
Downloaded from central: https://repo.maven.apache.org/maven2/org/codehaus/plexus/plexus-components/1.1.14/plexus-components-1.1.14.pom (5.8 kB at 40 kB/s)
Downloading from central: https://repo.maven.apache.org/maven2/org/apache/maven/maven-profile/2.2.1/maven-profile-2.2.1.pom
Progress (1): 2.2 kB
                    
Downloaded from central: https://repo.maven.apache.org/maven2/org/apache/maven/maven-profile/2.2.1/maven-profile-2.2.1.pom (2.2 kB at 12 kB/s)
Downloading from central: https://repo.maven.apache.org/maven2/org/apache/maven/maven-artifact-manager/2.2.1/maven-artifact-manager-2.2.1.pom
Progress (1): 3.1 kB
                    
Downloaded from central: https://repo.maven.apache.org/maven2/org/apache/maven/maven-artifact-manager/2.2.1/maven-artifact-manager-2.2.1.pom (3.1 kB at 21 kB/s)
Downloading from central: https://repo.maven.apache.org/maven2/org/apache/maven/maven-repository-metadata/2.2.1/maven-repository-metadata-2.2.1.pom
Progress (1): 1.9 kB
                    
Downloaded from central: https://repo.maven.apache.org/maven2/org/apache/maven/maven-repository-metadata/2.2.1/maven-repository-metadata-2.2.1.pom (1.9 kB at 13 kB/s)
Downloading from central: https://repo.maven.apache.org/maven2/backport-util-concurrent/backport-util-concurrent/3.1/backport-util-concurrent-3.1.pom
Progress (1): 880 B
                   
Downloaded from central: https://repo.maven.apache.org/maven2/backport-util-concurrent/backport-util-concurrent/3.1/backport-util-concurrent-3.1.pom (880 B at 5.1 kB/s)
Downloading from central: https://repo.maven.apache.org/maven2/org/apache/maven/maven-plugin-registry/2.2.1/maven-plugin-registry-2.2.1.pom
Progress (1): 1.9 kB
                    
Downloaded from central: https://repo.maven.apache.org/maven2/org/apache/maven/maven-plugin-registry/2.2.1/maven-plugin-registry-2.2.1.pom (1.9 kB at 13 kB/s)
Downloading from central: https://repo.maven.apache.org/maven2/org/apache/maven/maven-core/2.2.1/maven-core-2.2.1.pom
Progress (1): 4.1 kB
Progress (1): 8.2 kB
Progress (1): 12 kB 
                   
Downloaded from central: https://repo.maven.apache.org/maven2/org/apache/maven/maven-core/2.2.1/maven-core-2.2.1.pom (12 kB at 68 kB/s)
Downloading from central: https://repo.maven.apache.org/maven2/org/apache/maven/maven-plugin-parameter-documenter/2.2.1/maven-plugin-parameter-documenter-2.2.1.pom
Progress (1): 2.0 kB
                    
Downloaded from central: https://repo.maven.apache.org/maven2/org/apache/maven/maven-plugin-parameter-documenter/2.2.1/maven-plugin-parameter-documenter-2.2.1.pom (2.0 kB at 12 kB/s)
Downloading from central: https://repo.maven.apache.org/maven2/org/slf4j/slf4j-jdk14/1.5.6/slf4j-jdk14-1.5.6.pom
Progress (1): 1.9 kB
                    
Downloaded from central: https://repo.maven.apache.org/maven2/org/slf4j/slf4j-jdk14/1.5.6/slf4j-jdk14-1.5.6.pom (1.9 kB at 13 kB/s)
Downloading from central: https://repo.maven.apache.org/maven2/org/slf4j/slf4j-parent/1.5.6/slf4j-parent-1.5.6.pom
Progress (1): 4.1 kB
Progress (1): 7.9 kB
                    
Downloaded from central: https://repo.maven.apache.org/maven2/org/slf4j/slf4j-parent/1.5.6/slf4j-parent-1.5.6.pom (7.9 kB at 49 kB/s)
Downloading from central: https://repo.maven.apache.org/maven2/org/slf4j/slf4j-api/1.5.6/slf4j-api-1.5.6.pom
Progress (1): 3.0 kB
                    
Downloaded from central: https://repo.maven.apache.org/maven2/org/slf4j/slf4j-api/1.5.6/slf4j-api-1.5.6.pom (3.0 kB at 19 kB/s)
Downloading from central: https://repo.maven.apache.org/maven2/org/slf4j/jcl-over-slf4j/1.5.6/jcl-over-slf4j-1.5.6.pom
Progress (1): 2.2 kB
                    
Downloaded from central: https://repo.maven.apache.org/maven2/org/slf4j/jcl-over-slf4j/1.5.6/jcl-over-slf4j-1.5.6.pom (2.2 kB at 15 kB/s)
Downloading from central: https://repo.maven.apache.org/maven2/org/apache/maven/maven-error-diagnostics/2.2.1/maven-error-diagnostics-2.2.1.pom
Progress (1): 1.7 kB
                    
Downloaded from central: https://repo.maven.apache.org/maven2/org/apache/maven/maven-error-diagnostics/2.2.1/maven-error-diagnostics-2.2.1.pom (1.7 kB at 11 kB/s)
Downloading from central: https://repo.maven.apache.org/maven2/org/apache/maven/maven-monitor/2.2.1/maven-monitor-2.2.1.pom
Progress (1): 1.3 kB
                    
Downloaded from central: https://repo.maven.apache.org/maven2/org/apache/maven/maven-monitor/2.2.1/maven-monitor-2.2.1.pom (1.3 kB at 8.1 kB/s)
Downloading from central: https://repo.maven.apache.org/maven2/classworlds/classworlds/1.1/classworlds-1.1.pom
Progress (1): 3.3 kB
                    
Downloaded from central: https://repo.maven.apache.org/maven2/classworlds/classworlds/1.1/classworlds-1.1.pom (3.3 kB at 24 kB/s)
Downloading from central: https://repo.maven.apache.org/maven2/org/apache/maven/maven-toolchain/2.2.1/maven-toolchain-2.2.1.pom
Progress (1): 3.3 kB
                    
Downloaded from central: https://repo.maven.apache.org/maven2/org/apache/maven/maven-toolchain/2.2.1/maven-toolchain-2.2.1.pom (3.3 kB at 22 kB/s)
Downloading from central: https://repo.maven.apache.org/maven2/org/codehaus/plexus/plexus-java/0.9.10/plexus-java-0.9.10.pom
Progress (1): 4.1 kB
Progress (1): 5.1 kB
                    
Downloaded from central: https://repo.maven.apache.org/maven2/org/codehaus/plexus/plexus-java/0.9.10/plexus-java-0.9.10.pom (5.1 kB at 37 kB/s)
Downloading from central: https://repo.maven.apache.org/maven2/org/codehaus/plexus/plexus-languages/0.9.10/plexus-languages-0.9.10.pom
Progress (1): 4.1 kB
Progress (1): 4.1 kB
                    
Downloaded from central: https://repo.maven.apache.org/maven2/org/codehaus/plexus/plexus-languages/0.9.10/plexus-languages-0.9.10.pom (4.1 kB at 27 kB/s)
Downloading from central: https://repo.maven.apache.org/maven2/org/ow2/asm/asm/6.2/asm-6.2.pom
Progress (1): 2.9 kB
                    
Downloaded from central: https://repo.maven.apache.org/maven2/org/ow2/asm/asm/6.2/asm-6.2.pom (2.9 kB at 21 kB/s)
Downloading from central: https://repo.maven.apache.org/maven2/com/thoughtworks/qdox/qdox/2.0-M8/qdox-2.0-M8.pom
Progress (1): 4.1 kB
Progress (1): 8.2 kB
Progress (1): 12 kB 
Progress (1): 16 kB
                   
Downloaded from central: https://repo.maven.apache.org/maven2/com/thoughtworks/qdox/qdox/2.0-M8/qdox-2.0-M8.pom (16 kB at 97 kB/s)
Downloading from central: https://repo.maven.apache.org/maven2/org/apache/maven/surefire/maven-surefire-common/2.22.2/maven-surefire-common-2.22.2.jar
Downloading from central: https://repo.maven.apache.org/maven2/org/apache/maven/maven-plugin-api/2.2.1/maven-plugin-api-2.2.1.jar
Downloading from central: https://repo.maven.apache.org/maven2/org/apache/maven/plugin-tools/maven-plugin-annotations/3.5.2/maven-plugin-annotations-3.5.2.jar
Downloading from central: https://repo.maven.apache.org/maven2/org/apache/maven/surefire/surefire-logger-api/2.22.2/surefire-logger-api-2.22.2.jar
Downloading from central: https://repo.maven.apache.org/maven2/org/apache/maven/surefire/surefire-api/2.22.2/surefire-api-2.22.2.jar
Progress (1): 3.9/186 kB
Progress (1): 8.0/186 kB
Progress (1): 12/186 kB 
Progress (1): 16/186 kB
Progress (1): 20/186 kB
Progress (1): 24/186 kB
Progress (1): 28/186 kB
Progress (1): 33/186 kB
Progress (1): 37/186 kB
Progress (1): 41/186 kB
Progress (1): 45/186 kB
Progress (1): 49/186 kB
Progress (1): 53/186 kB
Progress (1): 57/186 kB
Progress (1): 61/186 kB
Progress (1): 65/186 kB
Progress (1): 69/186 kB
Progress (1): 74/186 kB
Progress (1): 78/186 kB
Progress (1): 82/186 kB
Progress (1): 86/186 kB
Progress (1): 90/186 kB
Progress (1): 94/186 kB
Progress (1): 98/186 kB
Progress (1): 102/186 kB
Progress (1): 106/186 kB
Progress (1): 110/186 kB
Progress (1): 115/186 kB
Progress (1): 119/186 kB
Progress (1): 123/186 kB
Progress (1): 127/186 kB
Progress (1): 131/186 kB
Progress (1): 135/186 kB
Progress (1): 139/186 kB
Progress (1): 143/186 kB
Progress (1): 147/186 kB
Progress (1): 151/186 kB
Progress (1): 155/186 kB
Progress (1): 160/186 kB
Progress (1): 164/186 kB
Progress (1): 168/186 kB
Progress (1): 172/186 kB
Progress (1): 176/186 kB
Progress (1): 180/186 kB
Progress (1): 184/186 kB
Progress (1): 186 kB    
Progress (2): 186 kB | 2.3/528 kB
Progress (2): 186 kB | 5.3/528 kB
Progress (2): 186 kB | 8.0/528 kB
Progress (2): 186 kB | 11/528 kB 
Progress (2): 186 kB | 14/528 kB
Progress (2): 186 kB | 16/528 kB
Progress (2): 186 kB | 19/528 kB
Progress (2): 186 kB | 22/528 kB
Progress (2): 186 kB | 24/528 kB
Progress (2): 186 kB | 27/528 kB
Progress (3): 186 kB | 27/528 kB | 2.7/13 kB
Progress (3): 186 kB | 30/528 kB | 2.7/13 kB
Progress (4): 186 kB | 30/528 kB | 2.7/13 kB | 2.3/14 kB
Progress (4): 186 kB | 30/528 kB | 5.5/13 kB | 2.3/14 kB
Progress (4): 186 kB | 33/528 kB | 5.5/13 kB | 2.3/14 kB
Progress (5): 186 kB | 33/528 kB | 5.5/13 kB | 2.3/14 kB | 2.3/12 kB
Progress (5): 186 kB | 35/528 kB | 5.5/13 kB | 2.3/14 kB | 2.3/12 kB
Progress (5): 186 kB | 35/528 kB | 5.5/13 kB | 5.3/14 kB | 2.3/12 kB
Progress (5): 186 kB | 35/528 kB | 8.2/13 kB | 5.3/14 kB | 2.3/12 kB
Progress (5): 186 kB | 35/528 kB | 8.2/13 kB | 8.0/14 kB | 2.3/12 kB
Progress (5): 186 kB | 35/528 kB | 8.2/13 kB | 8.0/14 kB | 5.3/12 kB
Progress (5): 186 kB | 35/528 kB | 8.2/13 kB | 11/14 kB | 5.3/12 kB 
Progress (5): 186 kB | 35/528 kB | 8.2/13 kB | 11/14 kB | 8.0/12 kB
Progress (5): 186 kB | 35/528 kB | 8.2/13 kB | 11/14 kB | 11/12 kB 
Progress (5): 186 kB | 38/528 kB | 8.2/13 kB | 11/14 kB | 11/12 kB
Progress (5): 186 kB | 38/528 kB | 8.2/13 kB | 11/14 kB | 12 kB   
Progress (5): 186 kB | 38/528 kB | 8.2/13 kB | 13/14 kB | 12 kB
Progress (5): 186 kB | 38/528 kB | 11/13 kB | 13/14 kB | 12 kB 
Progress (5): 186 kB | 38/528 kB | 11/13 kB | 14 kB | 12 kB   
Progress (5): 186 kB | 41/528 kB | 11/13 kB | 14 kB | 12 kB
Progress (5): 186 kB | 44/528 kB | 11/13 kB | 14 kB | 12 kB
Progress (5): 186 kB | 46/528 kB | 11/13 kB | 14 kB | 12 kB
Progress (5): 186 kB | 46/528 kB | 13 kB | 14 kB | 12 kB   
Progress (5): 186 kB | 49/528 kB | 13 kB | 14 kB | 12 kB
Progress (5): 186 kB | 52/528 kB | 13 kB | 14 kB | 12 kB
Progress (5): 186 kB | 55/528 kB | 13 kB | 14 kB | 12 kB
Progress (5): 186 kB | 59/528 kB | 13 kB | 14 kB | 12 kB
Progress (5): 186 kB | 63/528 kB | 13 kB | 14 kB | 12 kB
Progress (5): 186 kB | 67/528 kB | 13 kB | 14 kB | 12 kB
Progress (5): 186 kB | 71/528 kB | 13 kB | 14 kB | 12 kB
Progress (5): 186 kB | 75/528 kB | 13 kB | 14 kB | 12 kB
Progress (5): 186 kB | 79/528 kB | 13 kB | 14 kB | 12 kB
Progress (5): 186 kB | 83/528 kB | 13 kB | 14 kB | 12 kB
Progress (5): 186 kB | 87/528 kB | 13 kB | 14 kB | 12 kB
Progress (5): 186 kB | 91/528 kB | 13 kB | 14 kB | 12 kB
Progress (5): 186 kB | 96/528 kB | 13 kB | 14 kB | 12 kB
Progress (5): 186 kB | 100/528 kB | 13 kB | 14 kB | 12 kB
Progress (5): 186 kB | 104/528 kB | 13 kB | 14 kB | 12 kB
                                                         
Downloaded from central: https://repo.maven.apache.org/maven2/org/apache/maven/surefire/surefire-api/2.22.2/surefire-api-2.22.2.jar (186 kB at 780 kB/s)
Downloading from central: https://repo.maven.apache.org/maven2/org/apache/maven/surefire/surefire-booter/2.22.2/surefire-booter-2.22.2.jar
Progress (4): 108/528 kB | 13 kB | 14 kB | 12 kB
Progress (4): 112/528 kB | 13 kB | 14 kB | 12 kB
Progress (4): 116/528 kB | 13 kB | 14 kB | 12 kB
Progress (4): 119/528 kB | 13 kB | 14 kB | 12 kB
Progress (4): 123/528 kB | 13 kB | 14 kB | 12 kB
Progress (4): 127/528 kB | 13 kB | 14 kB | 12 kB
Progress (4): 131/528 kB | 13 kB | 14 kB | 12 kB
Progress (4): 135/528 kB | 13 kB | 14 kB | 12 kB
Progress (4): 139/528 kB | 13 kB | 14 kB | 12 kB
Progress (4): 143/528 kB | 13 kB | 14 kB | 12 kB
Progress (4): 147/528 kB | 13 kB | 14 kB | 12 kB
Progress (4): 151/528 kB | 13 kB | 14 kB | 12 kB
Progress (4): 155/528 kB | 13 kB | 14 kB | 12 kB
Progress (4): 160/528 kB | 13 kB | 14 kB | 12 kB
Progress (4): 164/528 kB | 13 kB | 14 kB | 12 kB
Progress (4): 168/528 kB | 13 kB | 14 kB | 12 kB
Progress (4): 172/528 kB | 13 kB | 14 kB | 12 kB
Progress (4): 176/528 kB | 13 kB | 14 kB | 12 kB
Progress (4): 180/528 kB | 13 kB | 14 kB | 12 kB
Progress (4): 184/528 kB | 13 kB | 14 kB | 12 kB
Progress (4): 186/528 kB | 13 kB | 14 kB | 12 kB
Progress (4): 190/528 kB | 13 kB | 14 kB | 12 kB
Progress (4): 194/528 kB | 13 kB | 14 kB | 12 kB
Progress (4): 199/528 kB | 13 kB | 14 kB | 12 kB
Progress (4): 203/528 kB | 13 kB | 14 kB | 12 kB
Progress (4): 207/528 kB | 13 kB | 14 kB | 12 kB
Progress (4): 211/528 kB | 13 kB | 14 kB | 12 kB
Progress (4): 215/528 kB | 13 kB | 14 kB | 12 kB
Progress (4): 219/528 kB | 13 kB | 14 kB | 12 kB
Progress (4): 223/528 kB | 13 kB | 14 kB | 12 kB
Progress (4): 227/528 kB | 13 kB | 14 kB | 12 kB
Progress (4): 231/528 kB | 13 kB | 14 kB | 12 kB
Progress (4): 235/528 kB | 13 kB | 14 kB | 12 kB
Progress (4): 240/528 kB | 13 kB | 14 kB | 12 kB
Progress (4): 244/528 kB | 13 kB | 14 kB | 12 kB
Progress (4): 248/528 kB | 13 kB | 14 kB | 12 kB
Progress (4): 252/528 kB | 13 kB | 14 kB | 12 kB
Progress (4): 256/528 kB | 13 kB | 14 kB | 12 kB
Progress (4): 260/528 kB | 13 kB | 14 kB | 12 kB
Progress (4): 264/528 kB | 13 kB | 14 kB | 12 kB
Progress (4): 268/528 kB | 13 kB | 14 kB | 12 kB
Progress (4): 272/528 kB | 13 kB | 14 kB | 12 kB
Progress (4): 276/528 kB | 13 kB | 14 kB | 12 kB
Progress (4): 281/528 kB | 13 kB | 14 kB | 12 kB
Progress (4): 285/528 kB | 13 kB | 14 kB | 12 kB
Progress (4): 289/528 kB | 13 kB | 14 kB | 12 kB
Progress (4): 293/528 kB | 13 kB | 14 kB | 12 kB
Progress (4): 297/528 kB | 13 kB | 14 kB | 12 kB
Progress (4): 301/528 kB | 13 kB | 14 kB | 12 kB
Progress (4): 305/528 kB | 13 kB | 14 kB | 12 kB
Progress (4): 309/528 kB | 13 kB | 14 kB | 12 kB
Progress (4): 313/528 kB | 13 kB | 14 kB | 12 kB
Progress (4): 317/528 kB | 13 kB | 14 kB | 12 kB
Progress (4): 321/528 kB | 13 kB | 14 kB | 12 kB
Progress (4): 326/528 kB | 13 kB | 14 kB | 12 kB
Progress (4): 330/528 kB | 13 kB | 14 kB | 12 kB
Progress (4): 334/528 kB | 13 kB | 14 kB | 12 kB
Progress (4): 338/528 kB | 13 kB | 14 kB | 12 kB
Progress (4): 342/528 kB | 13 kB | 14 kB | 12 kB
Progress (4): 346/528 kB | 13 kB | 14 kB | 12 kB
Progress (4): 350/528 kB | 13 kB | 14 kB | 12 kB
Progress (4): 354/528 kB | 13 kB | 14 kB | 12 kB
Progress (4): 358/528 kB | 13 kB | 14 kB | 12 kB
Progress (4): 362/528 kB | 13 kB | 14 kB | 12 kB
Progress (4): 367/528 kB | 13 kB | 14 kB | 12 kB
Progress (4): 371/528 kB | 13 kB | 14 kB | 12 kB
Progress (4): 375/528 kB | 13 kB | 14 kB | 12 kB
Progress (4): 379/528 kB | 13 kB | 14 kB | 12 kB
Progress (4): 383/528 kB | 13 kB | 14 kB | 12 kB
Progress (4): 387/528 kB | 13 kB | 14 kB | 12 kB
Progress (4): 391/528 kB | 13 kB | 14 kB | 12 kB
Progress (4): 395/528 kB | 13 kB | 14 kB | 12 kB
Progress (4): 399/528 kB | 13 kB | 14 kB | 12 kB
Progress (4): 403/528 kB | 13 kB | 14 kB | 12 kB
Progress (4): 407/528 kB | 13 kB | 14 kB | 12 kB
Progress (4): 412/528 kB | 13 kB | 14 kB | 12 kB
Progress (4): 416/528 kB | 13 kB | 14 kB | 12 kB
Progress (4): 420/528 kB | 13 kB | 14 kB | 12 kB
Progress (4): 424/528 kB | 13 kB | 14 kB | 12 kB
Progress (4): 428/528 kB | 13 kB | 14 kB | 12 kB
Progress (4): 432/528 kB | 13 kB | 14 kB | 12 kB
Progress (4): 436/528 kB | 13 kB | 14 kB | 12 kB
Progress (4): 440/528 kB | 13 kB | 14 kB | 12 kB
Progress (4): 444/528 kB | 13 kB | 14 kB | 12 kB
Progress (5): 444/528 kB | 13 kB | 14 kB | 12 kB | 3.9/274 kB
Progress (5): 448/528 kB | 13 kB | 14 kB | 12 kB | 3.9/274 kB
Progress (5): 453/528 kB | 13 kB | 14 kB | 12 kB | 3.9/274 kB
Progress (5): 457/528 kB | 13 kB | 14 kB | 12 kB | 3.9/274 kB
Progress (5): 461/528 kB | 13 kB | 14 kB | 12 kB | 3.9/274 kB
Progress (5): 461/528 kB | 13 kB | 14 kB | 12 kB | 8.0/274 kB
Progress (5): 461/528 kB | 13 kB | 14 kB | 12 kB | 12/274 kB 
Progress (5): 461/528 kB | 13 kB | 14 kB | 12 kB | 16/274 kB
Progress (5): 461/528 kB | 13 kB | 14 kB | 12 kB | 20/274 kB
Progress (5): 465/528 kB | 13 kB | 14 kB | 12 kB | 20/274 kB
Progress (5): 469/528 kB | 13 kB | 14 kB | 12 kB | 20/274 kB
Progress (5): 469/528 kB | 13 kB | 14 kB | 12 kB | 24/274 kB
Progress (5): 473/528 kB | 13 kB | 14 kB | 12 kB | 24/274 kB
Progress (5): 473/528 kB | 13 kB | 14 kB | 12 kB | 28/274 kB
Progress (5): 477/528 kB | 13 kB | 14 kB | 12 kB | 28/274 kB
Progress (5): 481/528 kB | 13 kB | 14 kB | 12 kB | 28/274 kB
Progress (5): 485/528 kB | 13 kB | 14 kB | 12 kB | 28/274 kB
Progress (5): 489/528 kB | 13 kB | 14 kB | 12 kB | 28/274 kB
Progress (5): 493/528 kB | 13 kB | 14 kB | 12 kB | 28/274 kB
Progress (5): 498/528 kB | 13 kB | 14 kB | 12 kB | 28/274 kB
Progress (5): 502/528 kB | 13 kB | 14 kB | 12 kB | 28/274 kB
Progress (5): 506/528 kB | 13 kB | 14 kB | 12 kB | 28/274 kB
Progress (5): 510/528 kB | 13 kB | 14 kB | 12 kB | 28/274 kB
Progress (5): 510/528 kB | 13 kB | 14 kB | 12 kB | 33/274 kB
Progress (5): 510/528 kB | 13 kB | 14 kB | 12 kB | 37/274 kB
Progress (5): 510/528 kB | 13 kB | 14 kB | 12 kB | 41/274 kB
Progress (5): 510/528 kB | 13 kB | 14 kB | 12 kB | 45/274 kB
Progress (5): 510/528 kB | 13 kB | 14 kB | 12 kB | 49/274 kB
Progress (5): 510/528 kB | 13 kB | 14 kB | 12 kB | 53/274 kB
Progress (5): 510/528 kB | 13 kB | 14 kB | 12 kB | 57/274 kB
Progress (5): 510/528 kB | 13 kB | 14 kB | 12 kB | 61/274 kB
Progress (5): 510/528 kB | 13 kB | 14 kB | 12 kB | 65/274 kB
Progress (5): 510/528 kB | 13 kB | 14 kB | 12 kB | 69/274 kB
Progress (5): 510/528 kB | 13 kB | 14 kB | 12 kB | 74/274 kB
Progress (5): 510/528 kB | 13 kB | 14 kB | 12 kB | 78/274 kB
Progress (5): 510/528 kB | 13 kB | 14 kB | 12 kB | 82/274 kB
Progress (5): 510/528 kB | 13 kB | 14 kB | 12 kB | 86/274 kB
Progress (5): 510/528 kB | 13 kB | 14 kB | 12 kB | 90/274 kB
Progress (5): 510/528 kB | 13 kB | 14 kB | 12 kB | 94/274 kB
Progress (5): 510/528 kB | 13 kB | 14 kB | 12 kB | 98/274 kB
Progress (5): 510/528 kB | 13 kB | 14 kB | 12 kB | 102/274 kB
Progress (5): 510/528 kB | 13 kB | 14 kB | 12 kB | 106/274 kB
Progress (5): 510/528 kB | 13 kB | 14 kB | 12 kB | 110/274 kB
Progress (5): 514/528 kB | 13 kB | 14 kB | 12 kB | 110/274 kB
Progress (5): 518/528 kB | 13 kB | 14 kB | 12 kB | 110/274 kB
Progress (5): 518/528 kB | 13 kB | 14 kB | 12 kB | 115/274 kB
Progress (5): 518/528 kB | 13 kB | 14 kB | 12 kB | 119/274 kB
Progress (5): 518/528 kB | 13 kB | 14 kB | 12 kB | 123/274 kB
Progress (5): 518/528 kB | 13 kB | 14 kB | 12 kB | 127/274 kB
Progress (5): 522/528 kB | 13 kB | 14 kB | 12 kB | 127/274 kB
Progress (5): 526/528 kB | 13 kB | 14 kB | 12 kB | 127/274 kB
Progress (5): 528 kB | 13 kB | 14 kB | 12 kB | 127/274 kB    
Progress (5): 528 kB | 13 kB | 14 kB | 12 kB | 131/274 kB
Progress (5): 528 kB | 13 kB | 14 kB | 12 kB | 135/274 kB
Progress (5): 528 kB | 13 kB | 14 kB | 12 kB | 139/274 kB
Progress (5): 528 kB | 13 kB | 14 kB | 12 kB | 143/274 kB
Progress (5): 528 kB | 13 kB | 14 kB | 12 kB | 147/274 kB
Progress (5): 528 kB | 13 kB | 14 kB | 12 kB | 151/274 kB
Progress (5): 528 kB | 13 kB | 14 kB | 12 kB | 155/274 kB
Progress (5): 528 kB | 13 kB | 14 kB | 12 kB | 160/274 kB
                                                         
Downloaded from central: https://repo.maven.apache.org/maven2/org/apache/maven/plugin-tools/maven-plugin-annotations/3.5.2/maven-plugin-annotations-3.5.2.jar (14 kB at 41 kB/s)
Downloading from central: https://repo.maven.apache.org/maven2/org/apache/maven/maven-artifact/2.2.1/maven-artifact-2.2.1.jar
Progress (4): 528 kB | 13 kB | 12 kB | 164/274 kB
Progress (4): 528 kB | 13 kB | 12 kB | 168/274 kB
Progress (4): 528 kB | 13 kB | 12 kB | 172/274 kB
Progress (4): 528 kB | 13 kB | 12 kB | 176/274 kB
                                                 
Downloaded from central: https://repo.maven.apache.org/maven2/org/apache/maven/maven-plugin-api/2.2.1/maven-plugin-api-2.2.1.jar (12 kB at 36 kB/s)
Downloading from central: https://repo.maven.apache.org/maven2/org/codehaus/plexus/plexus-utils/1.5.15/plexus-utils-1.5.15.jar
Progress (3): 528 kB | 13 kB | 180/274 kB
Progress (3): 528 kB | 13 kB | 184/274 kB
Progress (3): 528 kB | 13 kB | 188/274 kB
Progress (3): 528 kB | 13 kB | 192/274 kB
Progress (3): 528 kB | 13 kB | 196/274 kB
Progress (3): 528 kB | 13 kB | 201/274 kB
Progress (3): 528 kB | 13 kB | 205/274 kB
Progress (3): 528 kB | 13 kB | 209/274 kB
                                         
Downloaded from central: https://repo.maven.apache.org/maven2/org/apache/maven/surefire/surefire-logger-api/2.22.2/surefire-logger-api-2.22.2.jar (13 kB at 38 kB/s)
Downloading from central: https://repo.maven.apache.org/maven2/org/apache/maven/maven-plugin-descriptor/2.2.1/maven-plugin-descriptor-2.2.1.jar
Progress (2): 528 kB | 213/274 kB
Progress (2): 528 kB | 217/274 kB
Progress (2): 528 kB | 221/274 kB
Progress (2): 528 kB | 225/274 kB
Progress (2): 528 kB | 229/274 kB
Progress (2): 528 kB | 233/274 kB
Progress (2): 528 kB | 237/274 kB
Progress (2): 528 kB | 241/274 kB
Progress (2): 528 kB | 246/274 kB
Progress (2): 528 kB | 250/274 kB
Progress (2): 528 kB | 254/274 kB
Progress (2): 528 kB | 258/274 kB
Progress (2): 528 kB | 262/274 kB
Progress (2): 528 kB | 266/274 kB
Progress (2): 528 kB | 270/274 kB
Progress (2): 528 kB | 274 kB    
Progress (3): 528 kB | 274 kB | 2.3/80 kB
Progress (3): 528 kB | 274 kB | 5.0/80 kB
Progress (3): 528 kB | 274 kB | 7.7/80 kB
Progress (3): 528 kB | 274 kB | 10/80 kB 
Progress (3): 528 kB | 274 kB | 13/80 kB
Progress (3): 528 kB | 274 kB | 16/80 kB
Progress (3): 528 kB | 274 kB | 19/80 kB
Progress (3): 528 kB | 274 kB | 21/80 kB
Progress (3): 528 kB | 274 kB | 24/80 kB
Progress (3): 528 kB | 274 kB | 27/80 kB
Progress (3): 528 kB | 274 kB | 30/80 kB
Progress (3): 528 kB | 274 kB | 33/80 kB
Progress (4): 528 kB | 274 kB | 33/80 kB | 2.3/228 kB
Progress (4): 528 kB | 274 kB | 36/80 kB | 2.3/228 kB
Progress (4): 528 kB | 274 kB | 38/80 kB | 2.3/228 kB
Progress (4): 528 kB | 274 kB | 38/80 kB | 5.0/228 kB
Progress (4): 528 kB | 274 kB | 42/80 kB | 5.0/228 kB
Progress (4): 528 kB | 274 kB | 42/80 kB | 7.7/228 kB
Progress (4): 528 kB | 274 kB | 46/80 kB | 7.7/228 kB
Progress (4): 528 kB | 274 kB | 46/80 kB | 10/228 kB 
Progress (4): 528 kB | 274 kB | 51/80 kB | 10/228 kB
Progress (4): 528 kB | 274 kB | 51/80 kB | 13/228 kB
Progress (4): 528 kB | 274 kB | 51/80 kB | 16/228 kB
Progress (4): 528 kB | 274 kB | 55/80 kB | 16/228 kB
Progress (4): 528 kB | 274 kB | 55/80 kB | 19/228 kB
Progress (4): 528 kB | 274 kB | 59/80 kB | 19/228 kB
Progress (4): 528 kB | 274 kB | 59/80 kB | 21/228 kB
Progress (4): 528 kB | 274 kB | 59/80 kB | 24/228 kB
Progress (4): 528 kB | 274 kB | 59/80 kB | 27/228 kB
Progress (4): 528 kB | 274 kB | 59/80 kB | 29/228 kB
Progress (4): 528 kB | 274 kB | 59/80 kB | 32/228 kB
Progress (4): 528 kB | 274 kB | 59/80 kB | 35/228 kB
Progress (4): 528 kB | 274 kB | 59/80 kB | 37/228 kB
Progress (5): 528 kB | 274 kB | 59/80 kB | 37/228 kB | 2.3/39 kB
Progress (5): 528 kB | 274 kB | 59/80 kB | 41/228 kB | 2.3/39 kB
Progress (5): 528 kB | 274 kB | 59/80 kB | 41/228 kB | 5.0/39 kB
Progress (5): 528 kB | 274 kB | 59/80 kB | 46/228 kB | 5.0/39 kB
Progress (5): 528 kB | 274 kB | 59/80 kB | 46/228 kB | 7.7/39 kB
Progress (5): 528 kB | 274 kB | 59/80 kB | 46/228 kB | 11/39 kB 
Progress (5): 528 kB | 274 kB | 59/80 kB | 50/228 kB | 11/39 kB
Progress (5): 528 kB | 274 kB | 59/80 kB | 50/228 kB | 14/39 kB
Progress (5): 528 kB | 274 kB | 59/80 kB | 54/228 kB | 14/39 kB
Progress (5): 528 kB | 274 kB | 59/80 kB | 54/228 kB | 16/39 kB
Progress (5): 528 kB | 274 kB | 59/80 kB | 54/228 kB | 19/39 kB
Progress (5): 528 kB | 274 kB | 59/80 kB | 58/228 kB | 19/39 kB
Progress (5): 528 kB | 274 kB | 59/80 kB | 58/228 kB | 22/39 kB
Progress (5): 528 kB | 274 kB | 59/80 kB | 58/228 kB | 25/39 kB
Progress (5): 528 kB | 274 kB | 59/80 kB | 58/228 kB | 27/39 kB
Progress (5): 528 kB | 274 kB | 59/80 kB | 58/228 kB | 30/39 kB
Progress (5): 528 kB | 274 kB | 59/80 kB | 58/228 kB | 33/39 kB
Progress (5): 528 kB | 274 kB | 59/80 kB | 58/228 kB | 36/39 kB
Progress (5): 528 kB | 274 kB | 59/80 kB | 58/228 kB | 39 kB   
Progress (5): 528 kB | 274 kB | 63/80 kB | 58/228 kB | 39 kB
Progress (5): 528 kB | 274 kB | 67/80 kB | 58/228 kB | 39 kB
Progress (5): 528 kB | 274 kB | 71/80 kB | 58/228 kB | 39 kB
Progress (5): 528 kB | 274 kB | 75/80 kB | 58/228 kB | 39 kB
Progress (5): 528 kB | 274 kB | 79/80 kB | 58/228 kB | 39 kB
Progress (5): 528 kB | 274 kB | 80 kB | 58/228 kB | 39 kB   
Progress (5): 528 kB | 274 kB | 80 kB | 62/228 kB | 39 kB
Progress (5): 528 kB | 274 kB | 80 kB | 64/228 kB | 39 kB
Progress (5): 528 kB | 274 kB | 80 kB | 68/228 kB | 39 kB
Progress (5): 528 kB | 274 kB | 80 kB | 72/228 kB | 39 kB
Progress (5): 528 kB | 274 kB | 80 kB | 76/228 kB | 39 kB
Progress (5): 528 kB | 274 kB | 80 kB | 80/228 kB | 39 kB
Progress (5): 528 kB | 274 kB | 80 kB | 85/228 kB | 39 kB
Progress (5): 528 kB | 274 kB | 80 kB | 89/228 kB | 39 kB
Progress (5): 528 kB | 274 kB | 80 kB | 93/228 kB | 39 kB
Progress (5): 528 kB | 274 kB | 80 kB | 97/228 kB | 39 kB
Progress (5): 528 kB | 274 kB | 80 kB | 101/228 kB | 39 kB
Progress (5): 528 kB | 274 kB | 80 kB | 105/228 kB | 39 kB
Progress (5): 528 kB | 274 kB | 80 kB | 109/228 kB | 39 kB
Progress (5): 528 kB | 274 kB | 80 kB | 113/228 kB | 39 kB
Progress (5): 528 kB | 274 kB | 80 kB | 117/228 kB | 39 kB
Progress (5): 528 kB | 274 kB | 80 kB | 121/228 kB | 39 kB
Progress (5): 528 kB | 274 kB | 80 kB | 126/228 kB | 39 kB
                                                          
Downloaded from central: https://repo.maven.apache.org/maven2/org/apache/maven/surefire/maven-surefire-common/2.22.2/maven-surefire-common-2.22.2.jar (528 kB at 1.1 MB/s)
Progress (4): 274 kB | 80 kB | 130/228 kB | 39 kB
                                                 
Downloading from central: https://repo.maven.apache.org/maven2/org/codehaus/plexus/plexus-container-default/1.0-alpha-9-stable-1/plexus-container-default-1.0-alpha-9-stable-1.jar
Progress (4): 274 kB | 80 kB | 132/228 kB | 39 kB
                                                 
Downloaded from central: https://repo.maven.apache.org/maven2/org/apache/maven/surefire/surefire-booter/2.22.2/surefire-booter-2.22.2.jar (274 kB at 582 kB/s)
Progress (3): 80 kB | 136/228 kB | 39 kB
                                        
Downloading from central: https://repo.maven.apache.org/maven2/junit/junit/4.12/junit-4.12.jar
Progress (3): 80 kB | 140/228 kB | 39 kB
Progress (3): 80 kB | 144/228 kB | 39 kB
Progress (3): 80 kB | 148/228 kB | 39 kB
Progress (3): 80 kB | 152/228 kB | 39 kB
Progress (3): 80 kB | 156/228 kB | 39 kB
Progress (3): 80 kB | 159/228 kB | 39 kB
Progress (3): 80 kB | 163/228 kB | 39 kB
Progress (3): 80 kB | 167/228 kB | 39 kB
Progress (3): 80 kB | 171/228 kB | 39 kB
Progress (3): 80 kB | 175/228 kB | 39 kB
Progress (3): 80 kB | 179/228 kB | 39 kB
Progress (3): 80 kB | 183/228 kB | 39 kB
Progress (3): 80 kB | 188/228 kB | 39 kB
Progress (3): 80 kB | 192/228 kB | 39 kB
Progress (3): 80 kB | 196/228 kB | 39 kB
Progress (3): 80 kB | 200/228 kB | 39 kB
Progress (3): 80 kB | 204/228 kB | 39 kB
Progress (3): 80 kB | 208/228 kB | 39 kB
Progress (3): 80 kB | 212/228 kB | 39 kB
Progress (3): 80 kB | 216/228 kB | 39 kB
Progress (3): 80 kB | 220/228 kB | 39 kB
Progress (3): 80 kB | 224/228 kB | 39 kB
Progress (3): 80 kB | 228 kB | 39 kB    
                                    
Downloaded from central: https://repo.maven.apache.org/maven2/org/apache/maven/maven-plugin-descriptor/2.2.1/maven-plugin-descriptor-2.2.1.jar (39 kB at 75 kB/s)
Downloading from central: https://repo.maven.apache.org/maven2/org/hamcrest/hamcrest-core/1.3/hamcrest-core-1.3.jar
Progress (3): 80 kB | 228 kB | 3.9/194 kB
Progress (3): 80 kB | 228 kB | 8.0/194 kB
Progress (3): 80 kB | 228 kB | 12/194 kB 
Progress (3): 80 kB | 228 kB | 16/194 kB
Progress (3): 80 kB | 228 kB | 20/194 kB
Progress (3): 80 kB | 228 kB | 24/194 kB
Progress (3): 80 kB | 228 kB | 29/194 kB
Progress (3): 80 kB | 228 kB | 33/194 kB
Progress (3): 80 kB | 228 kB | 37/194 kB
Progress (3): 80 kB | 228 kB | 41/194 kB
Progress (3): 80 kB | 228 kB | 45/194 kB
Progress (3): 80 kB | 228 kB | 49/194 kB
Progress (3): 80 kB | 228 kB | 53/194 kB
Progress (3): 80 kB | 228 kB | 57/194 kB
Progress (3): 80 kB | 228 kB | 61/194 kB
Progress (3): 80 kB | 228 kB | 65/194 kB
Progress (3): 80 kB | 228 kB | 69/194 kB
Progress (4): 80 kB | 228 kB | 69/194 kB | 4.1/315 kB
Progress (4): 80 kB | 228 kB | 74/194 kB | 4.1/315 kB
Progress (4): 80 kB | 228 kB | 78/194 kB | 4.1/315 kB
Progress (4): 80 kB | 228 kB | 82/194 kB | 4.1/315 kB
Progress (4): 80 kB | 228 kB | 86/194 kB | 4.1/315 kB
Progress (4): 80 kB | 228 kB | 86/194 kB | 7.7/315 kB
Progress (4): 80 kB | 228 kB | 86/194 kB | 11/315 kB 
                                                    
Downloaded from central: https://repo.maven.apache.org/maven2/org/apache/maven/maven-artifact/2.2.1/maven-artifact-2.2.1.jar (80 kB at 146 kB/s)
Downloading from central: https://repo.maven.apache.org/maven2/org/apache/maven/maven-project/2.2.1/maven-project-2.2.1.jar
Progress (3): 228 kB | 90/194 kB | 11/315 kB
Progress (3): 228 kB | 90/194 kB | 15/315 kB
Progress (3): 228 kB | 90/194 kB | 20/315 kB
Progress (3): 228 kB | 90/194 kB | 24/315 kB
Progress (3): 228 kB | 94/194 kB | 24/315 kB
Progress (3): 228 kB | 98/194 kB | 24/315 kB
Progress (3): 228 kB | 102/194 kB | 24/315 kB
Progress (3): 228 kB | 102/194 kB | 28/315 kB
Progress (3): 228 kB | 106/194 kB | 28/315 kB
Progress (3): 228 kB | 110/194 kB | 28/315 kB
Progress (3): 228 kB | 115/194 kB | 28/315 kB
Progress (3): 228 kB | 119/194 kB | 28/315 kB
Progress (3): 228 kB | 119/194 kB | 32/315 kB
Progress (3): 228 kB | 119/194 kB | 36/315 kB
Progress (3): 228 kB | 119/194 kB | 40/315 kB
Progress (3): 228 kB | 119/194 kB | 44/315 kB
Progress (3): 228 kB | 123/194 kB | 44/315 kB
Progress (3): 228 kB | 127/194 kB | 44/315 kB
Progress (3): 228 kB | 131/194 kB | 44/315 kB
Progress (3): 228 kB | 135/194 kB | 44/315 kB
Progress (3): 228 kB | 139/194 kB | 44/315 kB
Progress (3): 228 kB | 143/194 kB | 44/315 kB
Progress (3): 228 kB | 143/194 kB | 48/315 kB
Progress (3): 228 kB | 147/194 kB | 48/315 kB
Progress (3): 228 kB | 147/194 kB | 52/315 kB
Progress (3): 228 kB | 151/194 kB | 52/315 kB
Progress (3): 228 kB | 151/194 kB | 56/315 kB
Progress (3): 228 kB | 151/194 kB | 61/315 kB
Progress (3): 228 kB | 155/194 kB | 61/315 kB
Progress (3): 228 kB | 160/194 kB | 61/315 kB
Progress (3): 228 kB | 164/194 kB | 61/315 kB
Progress (3): 228 kB | 168/194 kB | 61/315 kB
Progress (3): 228 kB | 168/194 kB | 65/315 kB
Progress (3): 228 kB | 168/194 kB | 69/315 kB
Progress (3): 228 kB | 172/194 kB | 69/315 kB
Progress (3): 228 kB | 172/194 kB | 73/315 kB
Progress (3): 228 kB | 176/194 kB | 73/315 kB
Progress (3): 228 kB | 176/194 kB | 77/315 kB
Progress (3): 228 kB | 180/194 kB | 77/315 kB
Progress (3): 228 kB | 184/194 kB | 77/315 kB
Progress (3): 228 kB | 184/194 kB | 81/315 kB
Progress (3): 228 kB | 184/194 kB | 85/315 kB
Progress (3): 228 kB | 184/194 kB | 89/315 kB
Progress (3): 228 kB | 184/194 kB | 93/315 kB
Progress (3): 228 kB | 188/194 kB | 93/315 kB
Progress (3): 228 kB | 192/194 kB | 93/315 kB
Progress (3): 228 kB | 194 kB | 93/315 kB    
Progress (3): 228 kB | 194 kB | 97/315 kB
Progress (3): 228 kB | 194 kB | 102/315 kB
Progress (3): 228 kB | 194 kB | 106/315 kB
Progress (3): 228 kB | 194 kB | 110/315 kB
Progress (3): 228 kB | 194 kB | 114/315 kB
Progress (3): 228 kB | 194 kB | 118/315 kB
Progress (3): 228 kB | 194 kB | 122/315 kB
Progress (3): 228 kB | 194 kB | 126/315 kB
Progress (3): 228 kB | 194 kB | 130/315 kB
Progress (3): 228 kB | 194 kB | 134/315 kB
Progress (3): 228 kB | 194 kB | 138/315 kB
Progress (3): 228 kB | 194 kB | 142/315 kB
Progress (3): 228 kB | 194 kB | 147/315 kB
Progress (3): 228 kB | 194 kB | 151/315 kB
Progress (3): 228 kB | 194 kB | 155/315 kB
Progress (3): 228 kB | 194 kB | 159/315 kB
Progress (3): 228 kB | 194 kB | 163/315 kB
Progress (3): 228 kB | 194 kB | 167/315 kB
Progress (3): 228 kB | 194 kB | 171/315 kB
Progress (3): 228 kB | 194 kB | 175/315 kB
Progress (3): 228 kB | 194 kB | 179/315 kB
Progress (3): 228 kB | 194 kB | 183/315 kB
Progress (3): 228 kB | 194 kB | 188/315 kB
Progress (3): 228 kB | 194 kB | 192/315 kB
Progress (3): 228 kB | 194 kB | 196/315 kB
Progress (3): 228 kB | 194 kB | 200/315 kB
Progress (3): 228 kB | 194 kB | 204/315 kB
Progress (3): 228 kB | 194 kB | 208/315 kB
Progress (3): 228 kB | 194 kB | 212/315 kB
Progress (3): 228 kB | 194 kB | 216/315 kB
Progress (3): 228 kB | 194 kB | 220/315 kB
Progress (3): 228 kB | 194 kB | 224/315 kB
Progress (3): 228 kB | 194 kB | 228/315 kB
Progress (3): 228 kB | 194 kB | 233/315 kB
Progress (3): 228 kB | 194 kB | 237/315 kB
Progress (3): 228 kB | 194 kB | 241/315 kB
Progress (3): 228 kB | 194 kB | 245/315 kB
Progress (3): 228 kB | 194 kB | 249/315 kB
Progress (3): 228 kB | 194 kB | 253/315 kB
Progress (3): 228 kB | 194 kB | 257/315 kB
Progress (3): 228 kB | 194 kB | 261/315 kB
Progress (3): 228 kB | 194 kB | 265/315 kB
Progress (3): 228 kB | 194 kB | 269/315 kB
Progress (3): 228 kB | 194 kB | 274/315 kB
Progress (3): 228 kB | 194 kB | 278/315 kB
Progress (3): 228 kB | 194 kB | 282/315 kB
Progress (3): 228 kB | 194 kB | 286/315 kB
Progress (3): 228 kB | 194 kB | 290/315 kB
Progress (3): 228 kB | 194 kB | 294/315 kB
Progress (3): 228 kB | 194 kB | 298/315 kB
Progress (3): 228 kB | 194 kB | 302/315 kB
Progress (3): 228 kB | 194 kB | 306/315 kB
Progress (3): 228 kB | 194 kB | 310/315 kB
Progress (3): 228 kB | 194 kB | 315/315 kB
Progress (3): 228 kB | 194 kB | 315 kB    
Progress (4): 228 kB | 194 kB | 315 kB | 3.8/45 kB
Progress (4): 228 kB | 194 kB | 315 kB | 7.9/45 kB
Progress (4): 228 kB | 194 kB | 315 kB | 12/45 kB 
Progress (4): 228 kB | 194 kB | 315 kB | 16/45 kB
Progress (4): 228 kB | 194 kB | 315 kB | 20/45 kB
Progress (4): 228 kB | 194 kB | 315 kB | 24/45 kB
Progress (4): 228 kB | 194 kB | 315 kB | 28/45 kB
Progress (4): 228 kB | 194 kB | 315 kB | 32/45 kB
Progress (4): 228 kB | 194 kB | 315 kB | 37/45 kB
Progress (4): 228 kB | 194 kB | 315 kB | 41/45 kB
Progress (4): 228 kB | 194 kB | 315 kB | 45/45 kB
Progress (4): 228 kB | 194 kB | 315 kB | 45 kB   
                                              
Downloaded from central: https://repo.maven.apache.org/maven2/org/codehaus/plexus/plexus-utils/1.5.15/plexus-utils-1.5.15.jar (228 kB at 372 kB/s)
Downloading from central: https://repo.maven.apache.org/maven2/org/apache/maven/maven-settings/2.2.1/maven-settings-2.2.1.jar
Progress (4): 194 kB | 315 kB | 45 kB | 3.8/156 kB
Progress (4): 194 kB | 315 kB | 45 kB | 7.9/156 kB
Progress (4): 194 kB | 315 kB | 45 kB | 12/156 kB 
Progress (4): 194 kB | 315 kB | 45 kB | 16/156 kB
Progress (4): 194 kB | 315 kB | 45 kB | 20/156 kB
Progress (4): 194 kB | 315 kB | 45 kB | 24/156 kB
Progress (4): 194 kB | 315 kB | 45 kB | 28/156 kB
Progress (4): 194 kB | 315 kB | 45 kB | 32/156 kB
Progress (4): 194 kB | 315 kB | 45 kB | 37/156 kB
Progress (4): 194 kB | 315 kB | 45 kB | 41/156 kB
Progress (4): 194 kB | 315 kB | 45 kB | 45/156 kB
Progress (4): 194 kB | 315 kB | 45 kB | 49/156 kB
Progress (4): 194 kB | 315 kB | 45 kB | 53/156 kB
Progress (4): 194 kB | 315 kB | 45 kB | 57/156 kB
Progress (4): 194 kB | 315 kB | 45 kB | 61/156 kB
Progress (4): 194 kB | 315 kB | 45 kB | 65/156 kB
Progress (4): 194 kB | 315 kB | 45 kB | 69/156 kB
Progress (4): 194 kB | 315 kB | 45 kB | 73/156 kB
Progress (4): 194 kB | 315 kB | 45 kB | 77/156 kB
Progress (4): 194 kB | 315 kB | 45 kB | 82/156 kB
Progress (4): 194 kB | 315 kB | 45 kB | 86/156 kB
Progress (4): 194 kB | 315 kB | 45 kB | 90/156 kB
Progress (4): 194 kB | 315 kB | 45 kB | 94/156 kB
Progress (5): 194 kB | 315 kB | 45 kB | 94/156 kB | 4.1/49 kB
Progress (5): 194 kB | 315 kB | 45 kB | 98/156 kB | 4.1/49 kB
Progress (5): 194 kB | 315 kB | 45 kB | 102/156 kB | 4.1/49 kB
Progress (5): 194 kB | 315 kB | 45 kB | 102/156 kB | 7.7/49 kB
Progress (5): 194 kB | 315 kB | 45 kB | 106/156 kB | 7.7/49 kB
Progress (5): 194 kB | 315 kB | 45 kB | 106/156 kB | 12/49 kB 
Progress (5): 194 kB | 315 kB | 45 kB | 106/156 kB | 16/49 kB
Progress (5): 194 kB | 315 kB | 45 kB | 110/156 kB | 16/49 kB
Progress (5): 194 kB | 315 kB | 45 kB | 112/156 kB | 16/49 kB
Progress (5): 194 kB | 315 kB | 45 kB | 116/156 kB | 16/49 kB
Progress (5): 194 kB | 315 kB | 45 kB | 116/156 kB | 20/49 kB
Progress (5): 194 kB | 315 kB | 45 kB | 121/156 kB | 20/49 kB
Progress (5): 194 kB | 315 kB | 45 kB | 121/156 kB | 24/49 kB
Progress (5): 194 kB | 315 kB | 45 kB | 125/156 kB | 24/49 kB
Progress (5): 194 kB | 315 kB | 45 kB | 129/156 kB | 24/49 kB
Progress (5): 194 kB | 315 kB | 45 kB | 129/156 kB | 28/49 kB
Progress (5): 194 kB | 315 kB | 45 kB | 133/156 kB | 28/49 kB
Progress (5): 194 kB | 315 kB | 45 kB | 133/156 kB | 32/49 kB
Progress (5): 194 kB | 315 kB | 45 kB | 133/156 kB | 36/49 kB
Progress (5): 194 kB | 315 kB | 45 kB | 133/156 kB | 40/49 kB
Progress (5): 194 kB | 315 kB | 45 kB | 137/156 kB | 40/49 kB
Progress (5): 194 kB | 315 kB | 45 kB | 141/156 kB | 40/49 kB
Progress (5): 194 kB | 315 kB | 45 kB | 141/156 kB | 45/49 kB
Progress (5): 194 kB | 315 kB | 45 kB | 141/156 kB | 49/49 kB
Progress (5): 194 kB | 315 kB | 45 kB | 145/156 kB | 49/49 kB
Progress (5): 194 kB | 315 kB | 45 kB | 145/156 kB | 49 kB   
Progress (5): 194 kB | 315 kB | 45 kB | 149/156 kB | 49 kB
Progress (5): 194 kB | 315 kB | 45 kB | 153/156 kB | 49 kB
Progress (5): 194 kB | 315 kB | 45 kB | 156 kB | 49 kB    
                                                      
Downloaded from central: https://repo.maven.apache.org/maven2/org/hamcrest/hamcrest-core/1.3/hamcrest-core-1.3.jar (45 kB at 66 kB/s)
Downloading from central: https://repo.maven.apache.org/maven2/org/apache/maven/maven-profile/2.2.1/maven-profile-2.2.1.jar
Downloaded from central: https://repo.maven.apache.org/maven2/org/codehaus/plexus/plexus-container-default/1.0-alpha-9-stable-1/plexus-container-default-1.0-alpha-9-stable-1.jar (194 kB at 281 kB/s)
Downloading from central: https://repo.maven.apache.org/maven2/org/apache/maven/maven-artifact-manager/2.2.1/maven-artifact-manager-2.2.1.jar
Downloaded from central: https://repo.maven.apache.org/maven2/junit/junit/4.12/junit-4.12.jar (315 kB at 453 kB/s)
Downloading from central: https://repo.maven.apache.org/maven2/backport-util-concurrent/backport-util-concurrent/3.1/backport-util-concurrent-3.1.jar
Progress (3): 156 kB | 49 kB | 3.8/68 kB
Progress (3): 156 kB | 49 kB | 7.9/68 kB
Progress (3): 156 kB | 49 kB | 12/68 kB 
Progress (3): 156 kB | 49 kB | 16/68 kB
Progress (3): 156 kB | 49 kB | 20/68 kB
Progress (3): 156 kB | 49 kB | 24/68 kB
Progress (3): 156 kB | 49 kB | 28/68 kB
Progress (3): 156 kB | 49 kB | 32/68 kB
Progress (3): 156 kB | 49 kB | 36/68 kB
Progress (3): 156 kB | 49 kB | 40/68 kB
Progress (3): 156 kB | 49 kB | 44/68 kB
Progress (3): 156 kB | 49 kB | 48/68 kB
Progress (3): 156 kB | 49 kB | 52/68 kB
Progress (3): 156 kB | 49 kB | 56/68 kB
Progress (3): 156 kB | 49 kB | 61/68 kB
Progress (3): 156 kB | 49 kB | 65/68 kB
Progress (3): 156 kB | 49 kB | 68 kB   
Progress (4): 156 kB | 49 kB | 68 kB | 4.1/35 kB
Progress (4): 156 kB | 49 kB | 68 kB | 7.7/35 kB
Progress (4): 156 kB | 49 kB | 68 kB | 11/35 kB 
Progress (4): 156 kB | 49 kB | 68 kB | 15/35 kB
Progress (4): 156 kB | 49 kB | 68 kB | 20/35 kB
Progress (4): 156 kB | 49 kB | 68 kB | 24/35 kB
Progress (4): 156 kB | 49 kB | 68 kB | 28/35 kB
Progress (4): 156 kB | 49 kB | 68 kB | 32/35 kB
Progress (4): 156 kB | 49 kB | 68 kB | 35 kB   
                                            
Downloaded from central: https://repo.maven.apache.org/maven2/org/apache/maven/maven-settings/2.2.1/maven-settings-2.2.1.jar (49 kB at 64 kB/s)
Downloading from central: https://repo.maven.apache.org/maven2/org/apache/maven/maven-plugin-registry/2.2.1/maven-plugin-registry-2.2.1.jar
Downloaded from central: https://repo.maven.apache.org/maven2/org/apache/maven/maven-project/2.2.1/maven-project-2.2.1.jar (156 kB at 203 kB/s)
Downloading from central: https://repo.maven.apache.org/maven2/org/codehaus/plexus/plexus-interpolation/1.11/plexus-interpolation-1.11.jar
Progress (3): 68 kB | 35 kB | 3.9/332 kB
Progress (3): 68 kB | 35 kB | 8.0/332 kB
Progress (3): 68 kB | 35 kB | 12/332 kB 
Progress (3): 68 kB | 35 kB | 16/332 kB
Progress (3): 68 kB | 35 kB | 20/332 kB
Progress (3): 68 kB | 35 kB | 24/332 kB
Progress (3): 68 kB | 35 kB | 29/332 kB
Progress (3): 68 kB | 35 kB | 33/332 kB
Progress (3): 68 kB | 35 kB | 37/332 kB
Progress (3): 68 kB | 35 kB | 41/332 kB
Progress (3): 68 kB | 35 kB | 45/332 kB
Progress (3): 68 kB | 35 kB | 49/332 kB
Progress (3): 68 kB | 35 kB | 53/332 kB
Progress (3): 68 kB | 35 kB | 57/332 kB
Progress (3): 68 kB | 35 kB | 61/332 kB
Progress (3): 68 kB | 35 kB | 65/332 kB
Progress (3): 68 kB | 35 kB | 69/332 kB
Progress (3): 68 kB | 35 kB | 74/332 kB
Progress (3): 68 kB | 35 kB | 78/332 kB
Progress (3): 68 kB | 35 kB | 82/332 kB
Progress (3): 68 kB | 35 kB | 86/332 kB
Progress (3): 68 kB | 35 kB | 90/332 kB
Progress (3): 68 kB | 35 kB | 94/332 kB
Progress (3): 68 kB | 35 kB | 98/332 kB
Progress (3): 68 kB | 35 kB | 102/332 kB
Progress (3): 68 kB | 35 kB | 106/332 kB
Progress (3): 68 kB | 35 kB | 110/332 kB
Progress (3): 68 kB | 35 kB | 115/332 kB
Progress (3): 68 kB | 35 kB | 119/332 kB
Progress (3): 68 kB | 35 kB | 123/332 kB
Progress (3): 68 kB | 35 kB | 127/332 kB
Progress (3): 68 kB | 35 kB | 131/332 kB
Progress (3): 68 kB | 35 kB | 135/332 kB
Progress (3): 68 kB | 35 kB | 139/332 kB
Progress (3): 68 kB | 35 kB | 143/332 kB
Progress (3): 68 kB | 35 kB | 147/332 kB
Progress (3): 68 kB | 35 kB | 151/332 kB
Progress (3): 68 kB | 35 kB | 155/332 kB
Progress (3): 68 kB | 35 kB | 160/332 kB
Progress (3): 68 kB | 35 kB | 164/332 kB
Progress (3): 68 kB | 35 kB | 168/332 kB
Progress (3): 68 kB | 35 kB | 172/332 kB
Progress (3): 68 kB | 35 kB | 176/332 kB
Progress (3): 68 kB | 35 kB | 180/332 kB
Progress (3): 68 kB | 35 kB | 183/332 kB
Progress (3): 68 kB | 35 kB | 188/332 kB
Progress (3): 68 kB | 35 kB | 192/332 kB
Progress (3): 68 kB | 35 kB | 196/332 kB
Progress (3): 68 kB | 35 kB | 200/332 kB
Progress (3): 68 kB | 35 kB | 204/332 kB
Progress (3): 68 kB | 35 kB | 208/332 kB
Progress (3): 68 kB | 35 kB | 212/332 kB
Progress (3): 68 kB | 35 kB | 216/332 kB
Progress (3): 68 kB | 35 kB | 220/332 kB
Progress (3): 68 kB | 35 kB | 224/332 kB
Progress (3): 68 kB | 35 kB | 228/332 kB
Progress (3): 68 kB | 35 kB | 233/332 kB
Progress (3): 68 kB | 35 kB | 237/332 kB
Progress (3): 68 kB | 35 kB | 241/332 kB
Progress (3): 68 kB | 35 kB | 245/332 kB
Progress (3): 68 kB | 35 kB | 249/332 kB
Progress (3): 68 kB | 35 kB | 253/332 kB
Progress (3): 68 kB | 35 kB | 257/332 kB
Progress (3): 68 kB | 35 kB | 261/332 kB
Progress (3): 68 kB | 35 kB | 265/332 kB
Progress (3): 68 kB | 35 kB | 269/332 kB
Progress (3): 68 kB | 35 kB | 274/332 kB
Progress (3): 68 kB | 35 kB | 278/332 kB
Progress (3): 68 kB | 35 kB | 282/332 kB
Progress (3): 68 kB | 35 kB | 286/332 kB
Progress (3): 68 kB | 35 kB | 290/332 kB
Progress (3): 68 kB | 35 kB | 294/332 kB
Progress (3): 68 kB | 35 kB | 298/332 kB
Progress (3): 68 kB | 35 kB | 302/332 kB
Progress (3): 68 kB | 35 kB | 306/332 kB
Progress (3): 68 kB | 35 kB | 310/332 kB
Progress (3): 68 kB | 35 kB | 315/332 kB
Progress (3): 68 kB | 35 kB | 319/332 kB
Progress (3): 68 kB | 35 kB | 323/332 kB
Progress (3): 68 kB | 35 kB | 327/332 kB
Progress (3): 68 kB | 35 kB | 331/332 kB
Progress (3): 68 kB | 35 kB | 332 kB    
Progress (4): 68 kB | 35 kB | 332 kB | 4.1/30 kB
Progress (4): 68 kB | 35 kB | 332 kB | 7.7/30 kB
Progress (4): 68 kB | 35 kB | 332 kB | 12/30 kB 
Progress (4): 68 kB | 35 kB | 332 kB | 16/30 kB
Progress (4): 68 kB | 35 kB | 332 kB | 20/30 kB
Progress (4): 68 kB | 35 kB | 332 kB | 24/30 kB
Progress (4): 68 kB | 35 kB | 332 kB | 28/30 kB
Progress (4): 68 kB | 35 kB | 332 kB | 30 kB   
Progress (5): 68 kB | 35 kB | 332 kB | 30 kB | 3.9/51 kB
Progress (5): 68 kB | 35 kB | 332 kB | 30 kB | 8.0/51 kB
Progress (5): 68 kB | 35 kB | 332 kB | 30 kB | 12/51 kB 
Progress (5): 68 kB | 35 kB | 332 kB | 30 kB | 16/51 kB
Progress (5): 68 kB | 35 kB | 332 kB | 30 kB | 20/51 kB
Progress (5): 68 kB | 35 kB | 332 kB | 30 kB | 24/51 kB
Progress (5): 68 kB | 35 kB | 332 kB | 30 kB | 29/51 kB
Progress (5): 68 kB | 35 kB | 332 kB | 30 kB | 33/51 kB
Progress (5): 68 kB | 35 kB | 332 kB | 30 kB | 37/51 kB
Progress (5): 68 kB | 35 kB | 332 kB | 30 kB | 41/51 kB
Progress (5): 68 kB | 35 kB | 332 kB | 30 kB | 45/51 kB
Progress (5): 68 kB | 35 kB | 332 kB | 30 kB | 49/51 kB
Progress (5): 68 kB | 35 kB | 332 kB | 30 kB | 51 kB   
                                                    
Downloaded from central: https://repo.maven.apache.org/maven2/org/apache/maven/maven-profile/2.2.1/maven-profile-2.2.1.jar (35 kB at 41 kB/s)
Downloading from central: https://repo.maven.apache.org/maven2/org/apache/maven/maven-model/2.2.1/maven-model-2.2.1.jar
Downloaded from central: https://repo.maven.apache.org/maven2/org/apache/maven/maven-artifact-manager/2.2.1/maven-artifact-manager-2.2.1.jar (68 kB at 78 kB/s)
Downloading from central: https://repo.maven.apache.org/maven2/org/apache/maven/maven-core/2.2.1/maven-core-2.2.1.jar
Progress (4): 332 kB | 30 kB | 51 kB | 4.1/88 kB
                                                
Downloaded from central: https://repo.maven.apache.org/maven2/org/codehaus/plexus/plexus-interpolation/1.11/plexus-interpolation-1.11.jar (51 kB at 55 kB/s)
Downloaded from central: https://repo.maven.apache.org/maven2/org/apache/maven/maven-plugin-registry/2.2.1/maven-plugin-registry-2.2.1.jar (30 kB at 32 kB/s)
Downloading from central: https://repo.maven.apache.org/maven2/org/slf4j/slf4j-jdk14/1.5.6/slf4j-jdk14-1.5.6.jar
Downloading from central: https://repo.maven.apache.org/maven2/org/apache/maven/maven-plugin-parameter-documenter/2.2.1/maven-plugin-parameter-documenter-2.2.1.jar
Progress (2): 332 kB | 7.7/88 kB
Progress (2): 332 kB | 12/88 kB 
Progress (2): 332 kB | 16/88 kB
Progress (2): 332 kB | 20/88 kB
Progress (2): 332 kB | 24/88 kB
Progress (2): 332 kB | 28/88 kB
Progress (2): 332 kB | 32/88 kB
Progress (2): 332 kB | 36/88 kB
Progress (2): 332 kB | 40/88 kB
Progress (2): 332 kB | 45/88 kB
Progress (2): 332 kB | 49/88 kB
Progress (2): 332 kB | 53/88 kB
Progress (3): 332 kB | 53/88 kB | 4.1/178 kB
Progress (3): 332 kB | 53/88 kB | 7.7/178 kB
Progress (3): 332 kB | 53/88 kB | 12/178 kB 
Progress (3): 332 kB | 53/88 kB | 16/178 kB
Progress (3): 332 kB | 53/88 kB | 20/178 kB
Progress (3): 332 kB | 53/88 kB | 24/178 kB
Progress (3): 332 kB | 53/88 kB | 28/178 kB
Progress (3): 332 kB | 53/88 kB | 32/178 kB
Progress (3): 332 kB | 53/88 kB | 36/178 kB
Progress (3): 332 kB | 53/88 kB | 40/178 kB
Progress (3): 332 kB | 53/88 kB | 45/178 kB
Progress (3): 332 kB | 53/88 kB | 49/178 kB
Progress (3): 332 kB | 57/88 kB | 49/178 kB
Progress (3): 332 kB | 61/88 kB | 49/178 kB
Progress (3): 332 kB | 65/88 kB | 49/178 kB
Progress (3): 332 kB | 65/88 kB | 53/178 kB
Progress (3): 332 kB | 69/88 kB | 53/178 kB
Progress (3): 332 kB | 69/88 kB | 57/178 kB
Progress (3): 332 kB | 69/88 kB | 61/178 kB
Progress (3): 332 kB | 69/88 kB | 65/178 kB
Progress (3): 332 kB | 69/88 kB | 69/178 kB
Progress (3): 332 kB | 69/88 kB | 73/178 kB
Progress (3): 332 kB | 69/88 kB | 77/178 kB
Progress (3): 332 kB | 69/88 kB | 81/178 kB
                                           
Downloaded from central: https://repo.maven.apache.org/maven2/backport-util-concurrent/backport-util-concurrent/3.1/backport-util-concurrent-3.1.jar (332 kB at 355 kB/s)
Downloading from central: https://repo.maven.apache.org/maven2/org/slf4j/slf4j-api/1.5.6/slf4j-api-1.5.6.jar
Progress (2): 69/88 kB | 86/178 kB
Progress (2): 69/88 kB | 90/178 kB
Progress (2): 69/88 kB | 94/178 kB
Progress (2): 69/88 kB | 98/178 kB
Progress (2): 73/88 kB | 98/178 kB
Progress (2): 77/88 kB | 98/178 kB
Progress (2): 81/88 kB | 98/178 kB
Progress (2): 86/88 kB | 98/178 kB
Progress (2): 88 kB | 98/178 kB   
Progress (2): 88 kB | 102/178 kB
Progress (2): 88 kB | 106/178 kB
Progress (2): 88 kB | 110/178 kB
Progress (2): 88 kB | 114/178 kB
Progress (2): 88 kB | 118/178 kB
Progress (2): 88 kB | 122/178 kB
Progress (2): 88 kB | 127/178 kB
Progress (2): 88 kB | 131/178 kB
Progress (2): 88 kB | 135/178 kB
Progress (2): 88 kB | 139/178 kB
Progress (2): 88 kB | 143/178 kB
Progress (2): 88 kB | 147/178 kB
Progress (2): 88 kB | 151/178 kB
Progress (2): 88 kB | 155/178 kB
Progress (2): 88 kB | 159/178 kB
Progress (2): 88 kB | 163/178 kB
Progress (2): 88 kB | 167/178 kB
Progress (2): 88 kB | 172/178 kB
Progress (2): 88 kB | 176/178 kB
Progress (2): 88 kB | 178 kB    
Progress (3): 88 kB | 178 kB | 4.1/8.8 kB
Progress (3): 88 kB | 178 kB | 7.7/8.8 kB
Progress (3): 88 kB | 178 kB | 8.8 kB    
Progress (4): 88 kB | 178 kB | 8.8 kB | 4.1/22 kB
Progress (4): 88 kB | 178 kB | 8.8 kB | 7.7/22 kB
Progress (4): 88 kB | 178 kB | 8.8 kB | 11/22 kB 
Progress (4): 88 kB | 178 kB | 8.8 kB | 15/22 kB
Progress (4): 88 kB | 178 kB | 8.8 kB | 20/22 kB
Progress (4): 88 kB | 178 kB | 8.8 kB | 22 kB   
Progress (5): 88 kB | 178 kB | 8.8 kB | 22 kB | 4.1/22 kB
Progress (5): 88 kB | 178 kB | 8.8 kB | 22 kB | 7.7/22 kB
Progress (5): 88 kB | 178 kB | 8.8 kB | 22 kB | 11/22 kB 
Progress (5): 88 kB | 178 kB | 8.8 kB | 22 kB | 15/22 kB
Progress (5): 88 kB | 178 kB | 8.8 kB | 22 kB | 20/22 kB
Progress (5): 88 kB | 178 kB | 8.8 kB | 22 kB | 22 kB   
                                                     
Downloaded from central: https://repo.maven.apache.org/maven2/org/apache/maven/maven-model/2.2.1/maven-model-2.2.1.jar (88 kB at 86 kB/s)
Downloading from central: https://repo.maven.apache.org/maven2/org/slf4j/jcl-over-slf4j/1.5.6/jcl-over-slf4j-1.5.6.jar
Downloaded from central: https://repo.maven.apache.org/maven2/org/apache/maven/maven-core/2.2.1/maven-core-2.2.1.jar (178 kB at 173 kB/s)
Downloading from central: https://repo.maven.apache.org/maven2/org/apache/maven/reporting/maven-reporting-api/3.0/maven-reporting-api-3.0.jar
Downloaded from central: https://repo.maven.apache.org/maven2/org/slf4j/slf4j-jdk14/1.5.6/slf4j-jdk14-1.5.6.jar (8.8 kB at 8.3 kB/s)
Downloading from central: https://repo.maven.apache.org/maven2/org/apache/maven/maven-repository-metadata/2.2.1/maven-repository-metadata-2.2.1.jar
Downloaded from central: https://repo.maven.apache.org/maven2/org/apache/maven/maven-plugin-parameter-documenter/2.2.1/maven-plugin-parameter-documenter-2.2.1.jar (22 kB at 21 kB/s)
Downloading from central: https://repo.maven.apache.org/maven2/org/apache/maven/maven-error-diagnostics/2.2.1/maven-error-diagnostics-2.2.1.jar
Progress (2): 22 kB | 4.1/17 kB
Progress (2): 22 kB | 7.7/17 kB
Progress (2): 22 kB | 12/17 kB 
Progress (2): 22 kB | 16/17 kB
Progress (2): 22 kB | 17 kB   
                           
Downloaded from central: https://repo.maven.apache.org/maven2/org/slf4j/slf4j-api/1.5.6/slf4j-api-1.5.6.jar (22 kB at 21 kB/s)
Downloading from central: https://repo.maven.apache.org/maven2/org/apache/maven/maven-monitor/2.2.1/maven-monitor-2.2.1.jar
Progress (2): 17 kB | 4.1/11 kB
Progress (2): 17 kB | 7.7/11 kB
Progress (2): 17 kB | 11 kB    
Progress (3): 17 kB | 11 kB | 4.1/26 kB
Progress (3): 17 kB | 11 kB | 7.7/26 kB
Progress (3): 17 kB | 11 kB | 12/26 kB 
Progress (3): 17 kB | 11 kB | 16/26 kB
Progress (3): 17 kB | 11 kB | 20/26 kB
Progress (3): 17 kB | 11 kB | 24/26 kB
Progress (3): 17 kB | 11 kB | 26 kB   
Progress (4): 17 kB | 11 kB | 26 kB | 4.1/13 kB
Progress (4): 17 kB | 11 kB | 26 kB | 7.7/13 kB
Progress (4): 17 kB | 11 kB | 26 kB | 12/13 kB 
Progress (4): 17 kB | 11 kB | 26 kB | 13 kB   
Progress (5): 17 kB | 11 kB | 26 kB | 13 kB | 3.2/10 kB
Progress (5): 17 kB | 11 kB | 26 kB | 13 kB | 7.3/10 kB
Progress (5): 17 kB | 11 kB | 26 kB | 13 kB | 10 kB    
                                                   
Downloaded from central: https://repo.maven.apache.org/maven2/org/slf4j/jcl-over-slf4j/1.5.6/jcl-over-slf4j-1.5.6.jar (17 kB at 14 kB/s)
Downloading from central: https://repo.maven.apache.org/maven2/classworlds/classworlds/1.1/classworlds-1.1.jar
Downloaded from central: https://repo.maven.apache.org/maven2/org/apache/maven/reporting/maven-reporting-api/3.0/maven-reporting-api-3.0.jar (11 kB at 9.2 kB/s)
Downloading from central: https://repo.maven.apache.org/maven2/org/apache/maven/maven-toolchain/2.2.1/maven-toolchain-2.2.1.jar
Downloaded from central: https://repo.maven.apache.org/maven2/org/apache/maven/maven-error-diagnostics/2.2.1/maven-error-diagnostics-2.2.1.jar (13 kB at 11 kB/s)
Downloading from central: https://repo.maven.apache.org/maven2/org/codehaus/plexus/plexus-java/0.9.10/plexus-java-0.9.10.jar
Progress (3): 26 kB | 10 kB | 3.9/38 kB
                                       
Downloaded from central: https://repo.maven.apache.org/maven2/org/apache/maven/maven-monitor/2.2.1/maven-monitor-2.2.1.jar (10 kB at 8.5 kB/s)
Downloading from central: https://repo.maven.apache.org/maven2/org/ow2/asm/asm/6.2/asm-6.2.jar
Progress (2): 26 kB | 8.0/38 kB
Progress (2): 26 kB | 12/38 kB 
Progress (2): 26 kB | 16/38 kB
Progress (2): 26 kB | 20/38 kB
Progress (2): 26 kB | 24/38 kB
Progress (2): 26 kB | 29/38 kB
Progress (2): 26 kB | 33/38 kB
Progress (2): 26 kB | 37/38 kB
Progress (2): 26 kB | 38 kB   
                           
Downloaded from central: https://repo.maven.apache.org/maven2/org/apache/maven/maven-repository-metadata/2.2.1/maven-repository-metadata-2.2.1.jar (26 kB at 21 kB/s)
Downloading from central: https://repo.maven.apache.org/maven2/com/thoughtworks/qdox/qdox/2.0-M8/qdox-2.0-M8.jar
Progress (2): 38 kB | 4.1/38 kB
Progress (2): 38 kB | 7.7/38 kB
Progress (2): 38 kB | 12/38 kB 
Progress (2): 38 kB | 16/38 kB
Progress (2): 38 kB | 20/38 kB
Progress (2): 38 kB | 24/38 kB
Progress (2): 38 kB | 28/38 kB
Progress (2): 38 kB | 32/38 kB
Progress (2): 38 kB | 36/38 kB
Progress (2): 38 kB | 38 kB   
Progress (3): 38 kB | 38 kB | 4.1/39 kB
Progress (3): 38 kB | 38 kB | 7.7/39 kB
Progress (3): 38 kB | 38 kB | 12/39 kB 
Progress (3): 38 kB | 38 kB | 16/39 kB
Progress (3): 38 kB | 38 kB | 20/39 kB
Progress (3): 38 kB | 38 kB | 24/39 kB
Progress (3): 38 kB | 38 kB | 28/39 kB
Progress (3): 38 kB | 38 kB | 32/39 kB
Progress (3): 38 kB | 38 kB | 36/39 kB
Progress (3): 38 kB | 38 kB | 39 kB   
Progress (4): 38 kB | 38 kB | 39 kB | 4.1/111 kB
Progress (4): 38 kB | 38 kB | 39 kB | 7.7/111 kB
Progress (4): 38 kB | 38 kB | 39 kB | 12/111 kB 
Progress (4): 38 kB | 38 kB | 39 kB | 16/111 kB
Progress (4): 38 kB | 38 kB | 39 kB | 20/111 kB
Progress (4): 38 kB | 38 kB | 39 kB | 24/111 kB
Progress (4): 38 kB | 38 kB | 39 kB | 28/111 kB
Progress (4): 38 kB | 38 kB | 39 kB | 32/111 kB
Progress (4): 38 kB | 38 kB | 39 kB | 36/111 kB
Progress (4): 38 kB | 38 kB | 39 kB | 40/111 kB
Progress (4): 38 kB | 38 kB | 39 kB | 45/111 kB
Progress (4): 38 kB | 38 kB | 39 kB | 49/111 kB
Progress (4): 38 kB | 38 kB | 39 kB | 53/111 kB
Progress (4): 38 kB | 38 kB | 39 kB | 57/111 kB
Progress (4): 38 kB | 38 kB | 39 kB | 61/111 kB
Progress (4): 38 kB | 38 kB | 39 kB | 65/111 kB
Progress (4): 38 kB | 38 kB | 39 kB | 69/111 kB
Progress (4): 38 kB | 38 kB | 39 kB | 73/111 kB
Progress (4): 38 kB | 38 kB | 39 kB | 77/111 kB
Progress (4): 38 kB | 38 kB | 39 kB | 81/111 kB
Progress (4): 38 kB | 38 kB | 39 kB | 86/111 kB
Progress (4): 38 kB | 38 kB | 39 kB | 90/111 kB
Progress (4): 38 kB | 38 kB | 39 kB | 94/111 kB
Progress (4): 38 kB | 38 kB | 39 kB | 98/111 kB
Progress (4): 38 kB | 38 kB | 39 kB | 102/111 kB
Progress (4): 38 kB | 38 kB | 39 kB | 106/111 kB
Progress (4): 38 kB | 38 kB | 39 kB | 110/111 kB
Progress (4): 38 kB | 38 kB | 39 kB | 111 kB    
Progress (5): 38 kB | 38 kB | 39 kB | 111 kB | 3.9/316 kB
Progress (5): 38 kB | 38 kB | 39 kB | 111 kB | 8.0/316 kB
Progress (5): 38 kB | 38 kB | 39 kB | 111 kB | 12/316 kB 
Progress (5): 38 kB | 38 kB | 39 kB | 111 kB | 16/316 kB
Progress (5): 38 kB | 38 kB | 39 kB | 111 kB | 20/316 kB
Progress (5): 38 kB | 38 kB | 39 kB | 111 kB | 24/316 kB
Progress (5): 38 kB | 38 kB | 39 kB | 111 kB | 28/316 kB
Progress (5): 38 kB | 38 kB | 39 kB | 111 kB | 33/316 kB
Progress (5): 38 kB | 38 kB | 39 kB | 111 kB | 37/316 kB
Progress (5): 38 kB | 38 kB | 39 kB | 111 kB | 41/316 kB
Progress (5): 38 kB | 38 kB | 39 kB | 111 kB | 45/316 kB
Progress (5): 38 kB | 38 kB | 39 kB | 111 kB | 49/316 kB
Progress (5): 38 kB | 38 kB | 39 kB | 111 kB | 53/316 kB
Progress (5): 38 kB | 38 kB | 39 kB | 111 kB | 57/316 kB
Progress (5): 38 kB | 38 kB | 39 kB | 111 kB | 61/316 kB
Progress (5): 38 kB | 38 kB | 39 kB | 111 kB | 65/316 kB
Progress (5): 38 kB | 38 kB | 39 kB | 111 kB | 69/316 kB
Progress (5): 38 kB | 38 kB | 39 kB | 111 kB | 74/316 kB
Progress (5): 38 kB | 38 kB | 39 kB | 111 kB | 78/316 kB
Progress (5): 38 kB | 38 kB | 39 kB | 111 kB | 82/316 kB
Progress (5): 38 kB | 38 kB | 39 kB | 111 kB | 86/316 kB
Progress (5): 38 kB | 38 kB | 39 kB | 111 kB | 90/316 kB
Progress (5): 38 kB | 38 kB | 39 kB | 111 kB | 94/316 kB
Progress (5): 38 kB | 38 kB | 39 kB | 111 kB | 98/316 kB
Progress (5): 38 kB | 38 kB | 39 kB | 111 kB | 102/316 kB
Progress (5): 38 kB | 38 kB | 39 kB | 111 kB | 106/316 kB
Progress (5): 38 kB | 38 kB | 39 kB | 111 kB | 110/316 kB
Progress (5): 38 kB | 38 kB | 39 kB | 111 kB | 115/316 kB
Progress (5): 38 kB | 38 kB | 39 kB | 111 kB | 119/316 kB
Progress (5): 38 kB | 38 kB | 39 kB | 111 kB | 123/316 kB
Progress (5): 38 kB | 38 kB | 39 kB | 111 kB | 127/316 kB
Progress (5): 38 kB | 38 kB | 39 kB | 111 kB | 131/316 kB
Progress (5): 38 kB | 38 kB | 39 kB | 111 kB | 135/316 kB
Progress (5): 38 kB | 38 kB | 39 kB | 111 kB | 139/316 kB
Progress (5): 38 kB | 38 kB | 39 kB | 111 kB | 143/316 kB
Progress (5): 38 kB | 38 kB | 39 kB | 111 kB | 147/316 kB
Progress (5): 38 kB | 38 kB | 39 kB | 111 kB | 151/316 kB
Progress (5): 38 kB | 38 kB | 39 kB | 111 kB | 155/316 kB
Progress (5): 38 kB | 38 kB | 39 kB | 111 kB | 160/316 kB
                                                         
Downloaded from central: https://repo.maven.apache.org/maven2/org/apache/maven/maven-toolchain/2.2.1/maven-toolchain-2.2.1.jar (38 kB at 28 kB/s)
Progress (4): 38 kB | 39 kB | 111 kB | 164/316 kB
Progress (4): 38 kB | 39 kB | 111 kB | 168/316 kB
Progress (4): 38 kB | 39 kB | 111 kB | 172/316 kB
Progress (4): 38 kB | 39 kB | 111 kB | 176/316 kB
Progress (4): 38 kB | 39 kB | 111 kB | 180/316 kB
Progress (4): 38 kB | 39 kB | 111 kB | 184/316 kB
                                                 
Downloaded from central: https://repo.maven.apache.org/maven2/classworlds/classworlds/1.1/classworlds-1.1.jar (38 kB at 28 kB/s)
Progress (3): 39 kB | 111 kB | 188/316 kB
Progress (3): 39 kB | 111 kB | 192/316 kB
Progress (3): 39 kB | 111 kB | 196/316 kB
Progress (3): 39 kB | 111 kB | 201/316 kB
Progress (3): 39 kB | 111 kB | 205/316 kB
Progress (3): 39 kB | 111 kB | 209/316 kB
Progress (3): 39 kB | 111 kB | 213/316 kB
Progress (3): 39 kB | 111 kB | 217/316 kB
Progress (3): 39 kB | 111 kB | 221/316 kB
Progress (3): 39 kB | 111 kB | 225/316 kB
Progress (3): 39 kB | 111 kB | 229/316 kB
Progress (3): 39 kB | 111 kB | 233/316 kB
Progress (3): 39 kB | 111 kB | 237/316 kB
Progress (3): 39 kB | 111 kB | 241/316 kB
Progress (3): 39 kB | 111 kB | 246/316 kB
Progress (3): 39 kB | 111 kB | 250/316 kB
Progress (3): 39 kB | 111 kB | 254/316 kB
Progress (3): 39 kB | 111 kB | 258/316 kB
Progress (3): 39 kB | 111 kB | 262/316 kB
Progress (3): 39 kB | 111 kB | 266/316 kB
Progress (3): 39 kB | 111 kB | 270/316 kB
Progress (3): 39 kB | 111 kB | 274/316 kB
Progress (3): 39 kB | 111 kB | 278/316 kB
Progress (3): 39 kB | 111 kB | 282/316 kB
Progress (3): 39 kB | 111 kB | 287/316 kB
Progress (3): 39 kB | 111 kB | 291/316 kB
Progress (3): 39 kB | 111 kB | 295/316 kB
Progress (3): 39 kB | 111 kB | 299/316 kB
Progress (3): 39 kB | 111 kB | 303/316 kB
Progress (3): 39 kB | 111 kB | 307/316 kB
Progress (3): 39 kB | 111 kB | 311/316 kB
Progress (3): 39 kB | 111 kB | 315/316 kB
Progress (3): 39 kB | 111 kB | 316 kB    
                                     
Downloaded from central: https://repo.maven.apache.org/maven2/org/codehaus/plexus/plexus-java/0.9.10/plexus-java-0.9.10.jar (39 kB at 29 kB/s)
Downloaded from central: https://repo.maven.apache.org/maven2/org/ow2/asm/asm/6.2/asm-6.2.jar (111 kB at 80 kB/s)
Downloaded from central: https://repo.maven.apache.org/maven2/com/thoughtworks/qdox/qdox/2.0-M8/qdox-2.0-M8.jar (316 kB at 219 kB/s)
[INFO] Tests are skipped.
[INFO] 
[INFO] --- maven-jar-plugin:3.3.0:jar (default-jar) @ VNPAY-Demo ---
Downloading from central: https://repo.maven.apache.org/maven2/org/apache/maven/shared/file-management/3.1.0/file-management-3.1.0.jar
Downloading from central: https://repo.maven.apache.org/maven2/org/apache/maven/maven-archiver/3.6.0/maven-archiver-3.6.0.jar
Downloading from central: https://repo.maven.apache.org/maven2/org/codehaus/plexus/plexus-archiver/4.4.0/plexus-archiver-4.4.0.jar
Downloading from central: https://repo.maven.apache.org/maven2/org/iq80/snappy/snappy/0.4/snappy-0.4.jar
Downloading from central: https://repo.maven.apache.org/maven2/org/codehaus/plexus/plexus-io/3.4.0/plexus-io-3.4.0.jar
Progress (1): 3.9/79 kB
Progress (1): 8.0/79 kB
Progress (1): 12/79 kB 
Progress (1): 16/79 kB
Progress (1): 20/79 kB
Progress (1): 24/79 kB
Progress (1): 28/79 kB
Progress (1): 33/79 kB
Progress (1): 37/79 kB
Progress (1): 41/79 kB
Progress (1): 45/79 kB
Progress (1): 49/79 kB
Progress (1): 53/79 kB
Progress (1): 57/79 kB
Progress (1): 61/79 kB
Progress (1): 65/79 kB
Progress (1): 69/79 kB
Progress (1): 74/79 kB
Progress (1): 78/79 kB
Progress (1): 79 kB   
Progress (2): 79 kB | 4.1/211 kB
Progress (2): 79 kB | 7.7/211 kB
Progress (2): 79 kB | 12/211 kB 
Progress (2): 79 kB | 16/211 kB
Progress (2): 79 kB | 20/211 kB
Progress (2): 79 kB | 24/211 kB
Progress (2): 79 kB | 28/211 kB
Progress (2): 79 kB | 32/211 kB
Progress (2): 79 kB | 36/211 kB
Progress (2): 79 kB | 40/211 kB
Progress (2): 79 kB | 45/211 kB
Progress (2): 79 kB | 49/211 kB
Progress (2): 79 kB | 53/211 kB
Progress (2): 79 kB | 57/211 kB
Progress (2): 79 kB | 61/211 kB
Progress (2): 79 kB | 65/211 kB
Progress (2): 79 kB | 69/211 kB
Progress (2): 79 kB | 73/211 kB
Progress (2): 79 kB | 77/211 kB
Progress (2): 79 kB | 81/211 kB
Progress (2): 79 kB | 86/211 kB
Progress (2): 79 kB | 90/211 kB
Progress (2): 79 kB | 94/211 kB
Progress (2): 79 kB | 98/211 kB
Progress (2): 79 kB | 102/211 kB
Progress (2): 79 kB | 106/211 kB
Progress (2): 79 kB | 110/211 kB
Progress (2): 79 kB | 114/211 kB
Progress (2): 79 kB | 118/211 kB
Progress (2): 79 kB | 122/211 kB
Progress (2): 79 kB | 127/211 kB
Progress (2): 79 kB | 131/211 kB
Progress (2): 79 kB | 135/211 kB
Progress (2): 79 kB | 139/211 kB
Progress (2): 79 kB | 143/211 kB
Progress (2): 79 kB | 147/211 kB
Progress (2): 79 kB | 151/211 kB
Progress (2): 79 kB | 155/211 kB
Progress (2): 79 kB | 159/211 kB
Progress (2): 79 kB | 163/211 kB
Progress (2): 79 kB | 167/211 kB
Progress (2): 79 kB | 172/211 kB
Progress (3): 79 kB | 172/211 kB | 4.1/26 kB
Progress (3): 79 kB | 176/211 kB | 4.1/26 kB
Progress (3): 79 kB | 180/211 kB | 4.1/26 kB
Progress (3): 79 kB | 184/211 kB | 4.1/26 kB
Progress (3): 79 kB | 184/211 kB | 7.7/26 kB
Progress (3): 79 kB | 184/211 kB | 11/26 kB 
Progress (3): 79 kB | 188/211 kB | 11/26 kB
Progress (3): 79 kB | 192/211 kB | 11/26 kB
Progress (3): 79 kB | 196/211 kB | 11/26 kB
Progress (3): 79 kB | 200/211 kB | 11/26 kB
Progress (3): 79 kB | 200/211 kB | 15/26 kB
Progress (4): 79 kB | 200/211 kB | 15/26 kB | 4.1/58 kB
Progress (4): 79 kB | 204/211 kB | 15/26 kB | 4.1/58 kB
Progress (4): 79 kB | 208/211 kB | 15/26 kB | 4.1/58 kB
Progress (4): 79 kB | 211 kB | 15/26 kB | 4.1/58 kB    
Progress (4): 79 kB | 211 kB | 20/26 kB | 4.1/58 kB
Progress (4): 79 kB | 211 kB | 20/26 kB | 7.7/58 kB
Progress (4): 79 kB | 211 kB | 24/26 kB | 7.7/58 kB
Progress (4): 79 kB | 211 kB | 24/26 kB | 12/58 kB 
Progress (4): 79 kB | 211 kB | 26 kB | 12/58 kB   
Progress (4): 79 kB | 211 kB | 26 kB | 16/58 kB
Progress (4): 79 kB | 211 kB | 26 kB | 20/58 kB
Progress (5): 79 kB | 211 kB | 26 kB | 20/58 kB | 4.1/36 kB
Progress (5): 79 kB | 211 kB | 26 kB | 20/58 kB | 7.7/36 kB
Progress (5): 79 kB | 211 kB | 26 kB | 20/58 kB | 11/36 kB 
Progress (5): 79 kB | 211 kB | 26 kB | 24/58 kB | 11/36 kB
Progress (5): 79 kB | 211 kB | 26 kB | 28/58 kB | 11/36 kB
Progress (5): 79 kB | 211 kB | 26 kB | 32/58 kB | 11/36 kB
Progress (5): 79 kB | 211 kB | 26 kB | 36/58 kB | 11/36 kB
Progress (5): 79 kB | 211 kB | 26 kB | 36/58 kB | 15/36 kB
Progress (5): 79 kB | 211 kB | 26 kB | 36/58 kB | 20/36 kB
Progress (5): 79 kB | 211 kB | 26 kB | 36/58 kB | 24/36 kB
Progress (5): 79 kB | 211 kB | 26 kB | 36/58 kB | 28/36 kB
Progress (5): 79 kB | 211 kB | 26 kB | 40/58 kB | 28/36 kB
Progress (5): 79 kB | 211 kB | 26 kB | 45/58 kB | 28/36 kB
Progress (5): 79 kB | 211 kB | 26 kB | 45/58 kB | 32/36 kB
Progress (5): 79 kB | 211 kB | 26 kB | 49/58 kB | 32/36 kB
Progress (5): 79 kB | 211 kB | 26 kB | 49/58 kB | 36/36 kB
Progress (5): 79 kB | 211 kB | 26 kB | 53/58 kB | 36/36 kB
Progress (5): 79 kB | 211 kB | 26 kB | 53/58 kB | 36 kB   
Progress (5): 79 kB | 211 kB | 26 kB | 57/58 kB | 36 kB
Progress (5): 79 kB | 211 kB | 26 kB | 58 kB | 36 kB   
                                                    
Downloaded from central: https://repo.maven.apache.org/maven2/org/codehaus/plexus/plexus-io/3.4.0/plexus-io-3.4.0.jar (79 kB at 433 kB/s)
Downloading from central: https://repo.maven.apache.org/maven2/org/tukaani/xz/1.9/xz-1.9.jar
Downloaded from central: https://repo.maven.apache.org/maven2/org/iq80/snappy/snappy/0.4/snappy-0.4.jar (58 kB at 297 kB/s)
Downloading from central: https://repo.maven.apache.org/maven2/org/codehaus/plexus/plexus-utils/3.4.2/plexus-utils-3.4.2.jar
Downloaded from central: https://repo.maven.apache.org/maven2/org/codehaus/plexus/plexus-archiver/4.4.0/plexus-archiver-4.4.0.jar (211 kB at 1.1 MB/s)
Downloaded from central: https://repo.maven.apache.org/maven2/org/apache/maven/maven-archiver/3.6.0/maven-archiver-3.6.0.jar (26 kB at 132 kB/s)
Downloaded from central: https://repo.maven.apache.org/maven2/org/apache/maven/shared/file-management/3.1.0/file-management-3.1.0.jar (36 kB at 181 kB/s)
Progress (1): 4.1/267 kB
Progress (1): 7.7/267 kB
Progress (1): 12/267 kB 
Progress (1): 16/267 kB
Progress (1): 20/267 kB
Progress (1): 24/267 kB
Progress (1): 28/267 kB
Progress (1): 32/267 kB
Progress (1): 36/267 kB
Progress (1): 40/267 kB
Progress (2): 40/267 kB | 3.9/116 kB
Progress (2): 45/267 kB | 3.9/116 kB
Progress (2): 49/267 kB | 3.9/116 kB
Progress (2): 53/267 kB | 3.9/116 kB
Progress (2): 57/267 kB | 3.9/116 kB
Progress (2): 57/267 kB | 8.0/116 kB
Progress (2): 57/267 kB | 12/116 kB 
Progress (2): 61/267 kB | 12/116 kB
Progress (2): 61/267 kB | 16/116 kB
Progress (2): 65/267 kB | 16/116 kB
Progress (2): 65/267 kB | 20/116 kB
Progress (2): 69/267 kB | 20/116 kB
Progress (2): 73/267 kB | 20/116 kB
Progress (2): 77/267 kB | 20/116 kB
Progress (2): 81/267 kB | 20/116 kB
Progress (2): 86/267 kB | 20/116 kB
Progress (2): 90/267 kB | 20/116 kB
Progress (2): 94/267 kB | 20/116 kB
Progress (2): 98/267 kB | 20/116 kB
Progress (2): 102/267 kB | 20/116 kB
Progress (2): 106/267 kB | 20/116 kB
Progress (2): 110/267 kB | 20/116 kB
Progress (2): 114/267 kB | 20/116 kB
Progress (2): 118/267 kB | 20/116 kB
Progress (2): 122/267 kB | 20/116 kB
Progress (2): 122/267 kB | 24/116 kB
Progress (2): 122/267 kB | 28/116 kB
Progress (2): 122/267 kB | 33/116 kB
Progress (2): 122/267 kB | 37/116 kB
Progress (2): 127/267 kB | 37/116 kB
Progress (2): 131/267 kB | 37/116 kB
Progress (2): 135/267 kB | 37/116 kB
Progress (2): 139/267 kB | 37/116 kB
Progress (2): 139/267 kB | 41/116 kB
Progress (2): 139/267 kB | 45/116 kB
Progress (2): 139/267 kB | 49/116 kB
Progress (2): 139/267 kB | 53/116 kB
Progress (2): 139/267 kB | 57/116 kB
Progress (2): 139/267 kB | 61/116 kB
Progress (2): 139/267 kB | 65/116 kB
Progress (2): 139/267 kB | 69/116 kB
Progress (2): 143/267 kB | 69/116 kB
Progress (2): 147/267 kB | 69/116 kB
Progress (2): 151/267 kB | 69/116 kB
Progress (2): 155/267 kB | 69/116 kB
Progress (2): 159/267 kB | 69/116 kB
Progress (2): 163/267 kB | 69/116 kB
Progress (2): 163/267 kB | 74/116 kB
Progress (2): 167/267 kB | 74/116 kB
Progress (2): 167/267 kB | 78/116 kB
Progress (2): 172/267 kB | 78/116 kB
Progress (2): 172/267 kB | 82/116 kB
Progress (2): 172/267 kB | 86/116 kB
Progress (2): 172/267 kB | 90/116 kB
Progress (2): 172/267 kB | 94/116 kB
Progress (2): 172/267 kB | 98/116 kB
Progress (2): 172/267 kB | 102/116 kB
Progress (2): 172/267 kB | 106/116 kB
Progress (2): 172/267 kB | 110/116 kB
Progress (2): 172/267 kB | 115/116 kB
Progress (2): 172/267 kB | 116 kB    
Progress (2): 176/267 kB | 116 kB
Progress (2): 180/267 kB | 116 kB
Progress (2): 184/267 kB | 116 kB
Progress (2): 188/267 kB | 116 kB
Progress (2): 192/267 kB | 116 kB
Progress (2): 196/267 kB | 116 kB
Progress (2): 200/267 kB | 116 kB
Progress (2): 204/267 kB | 116 kB
Progress (2): 208/267 kB | 116 kB
Progress (2): 212/267 kB | 116 kB
Progress (2): 216/267 kB | 116 kB
Progress (2): 220/267 kB | 116 kB
Progress (2): 224/267 kB | 116 kB
Progress (2): 228/267 kB | 116 kB
Progress (2): 233/267 kB | 116 kB
Progress (2): 237/267 kB | 116 kB
Progress (2): 241/267 kB | 116 kB
Progress (2): 245/267 kB | 116 kB
Progress (2): 249/267 kB | 116 kB
Progress (2): 253/267 kB | 116 kB
Progress (2): 257/267 kB | 116 kB
Progress (2): 261/267 kB | 116 kB
Progress (2): 265/267 kB | 116 kB
Progress (2): 267 kB | 116 kB    
                             
Downloaded from central: https://repo.maven.apache.org/maven2/org/codehaus/plexus/plexus-utils/3.4.2/plexus-utils-3.4.2.jar (267 kB at 707 kB/s)
Downloaded from central: https://repo.maven.apache.org/maven2/org/tukaani/xz/1.9/xz-1.9.jar (116 kB at 304 kB/s)
[INFO] Building jar: D:\Github_desktop_source\VNPAY-Springboot-Demo\target\VNPAY-Demo-0.0.1-SNAPSHOT.jar
[INFO] 
[INFO] --- spring-boot-maven-plugin:3.0.6:repackage (repackage) @ VNPAY-Demo ---
Downloading from central: https://repo.maven.apache.org/maven2/org/springframework/boot/spring-boot-buildpack-platform/3.0.6/spring-boot-buildpack-platform-3.0.6.pom
Progress (1): 3.4 kB
                    
Downloaded from central: https://repo.maven.apache.org/maven2/org/springframework/boot/spring-boot-buildpack-platform/3.0.6/spring-boot-buildpack-platform-3.0.6.pom (3.4 kB at 21 kB/s)
Downloading from central: https://repo.maven.apache.org/maven2/org/springframework/boot/spring-boot-loader-tools/3.0.6/spring-boot-loader-tools-3.0.6.pom
Progress (1): 2.2 kB
                    
Downloaded from central: https://repo.maven.apache.org/maven2/org/springframework/boot/spring-boot-loader-tools/3.0.6/spring-boot-loader-tools-3.0.6.pom (2.2 kB at 15 kB/s)
Downloading from central: https://repo.maven.apache.org/maven2/org/springframework/boot/spring-boot-buildpack-platform/3.0.6/spring-boot-buildpack-platform-3.0.6.jar
Downloading from central: https://repo.maven.apache.org/maven2/org/springframework/boot/spring-boot-loader-tools/3.0.6/spring-boot-loader-tools-3.0.6.jar
Downloading from central: https://repo.maven.apache.org/maven2/org/slf4j/slf4j-api/1.7.5/slf4j-api-1.7.5.jar
Progress (1): 4.1/251 kB
Progress (1): 7.7/251 kB
Progress (1): 12/251 kB 
Progress (1): 16/251 kB
Progress (1): 20/251 kB
Progress (1): 24/251 kB
Progress (1): 28/251 kB
Progress (1): 32/251 kB
Progress (1): 36/251 kB
Progress (1): 40/251 kB
Progress (1): 44/251 kB
Progress (1): 48/251 kB
Progress (1): 52/251 kB
Progress (1): 56/251 kB
Progress (1): 61/251 kB
Progress (1): 65/251 kB
Progress (1): 69/251 kB
Progress (1): 73/251 kB
Progress (1): 77/251 kB
Progress (1): 81/251 kB
Progress (1): 85/251 kB
Progress (1): 89/251 kB
Progress (1): 93/251 kB
Progress (1): 97/251 kB
Progress (1): 101/251 kB
Progress (1): 106/251 kB
Progress (1): 110/251 kB
Progress (1): 114/251 kB
Progress (1): 118/251 kB
Progress (1): 122/251 kB
Progress (1): 126/251 kB
Progress (1): 130/251 kB
Progress (1): 134/251 kB
Progress (1): 138/251 kB
Progress (1): 142/251 kB
Progress (1): 147/251 kB
Progress (1): 151/251 kB
Progress (1): 155/251 kB
Progress (1): 159/251 kB
Progress (1): 163/251 kB
Progress (1): 167/251 kB
Progress (1): 171/251 kB
Progress (1): 175/251 kB
Progress (1): 179/251 kB
Progress (1): 183/251 kB
Progress (1): 187/251 kB
Progress (1): 192/251 kB
Progress (1): 196/251 kB
Progress (1): 200/251 kB
Progress (1): 204/251 kB
Progress (1): 208/251 kB
Progress (1): 212/251 kB
Progress (1): 216/251 kB
Progress (1): 220/251 kB
Progress (1): 224/251 kB
Progress (2): 224/251 kB | 4.1/26 kB
Progress (2): 228/251 kB | 4.1/26 kB
Progress (2): 233/251 kB | 4.1/26 kB
Progress (2): 237/251 kB | 4.1/26 kB
Progress (2): 241/251 kB | 4.1/26 kB
Progress (2): 241/251 kB | 7.7/26 kB
Progress (2): 245/251 kB | 7.7/26 kB
Progress (2): 249/251 kB | 7.7/26 kB
Progress (2): 251 kB | 7.7/26 kB    
Progress (2): 251 kB | 11/26 kB 
Progress (2): 251 kB | 15/26 kB
Progress (2): 251 kB | 20/26 kB
Progress (2): 251 kB | 24/26 kB
Progress (2): 251 kB | 26 kB   
Progress (3): 251 kB | 26 kB | 4.1/255 kB
Progress (3): 251 kB | 26 kB | 7.7/255 kB
Progress (3): 251 kB | 26 kB | 12/255 kB 
Progress (3): 251 kB | 26 kB | 16/255 kB
Progress (3): 251 kB | 26 kB | 20/255 kB
Progress (3): 251 kB | 26 kB | 24/255 kB
Progress (3): 251 kB | 26 kB | 28/255 kB
Progress (3): 251 kB | 26 kB | 32/255 kB
Progress (3): 251 kB | 26 kB | 36/255 kB
Progress (3): 251 kB | 26 kB | 40/255 kB
Progress (3): 251 kB | 26 kB | 45/255 kB
Progress (3): 251 kB | 26 kB | 49/255 kB
Progress (3): 251 kB | 26 kB | 53/255 kB
Progress (3): 251 kB | 26 kB | 57/255 kB
Progress (3): 251 kB | 26 kB | 61/255 kB
Progress (3): 251 kB | 26 kB | 65/255 kB
Progress (3): 251 kB | 26 kB | 69/255 kB
Progress (3): 251 kB | 26 kB | 73/255 kB
Progress (3): 251 kB | 26 kB | 77/255 kB
Progress (3): 251 kB | 26 kB | 81/255 kB
Progress (3): 251 kB | 26 kB | 86/255 kB
Progress (3): 251 kB | 26 kB | 90/255 kB
Progress (3): 251 kB | 26 kB | 94/255 kB
Progress (3): 251 kB | 26 kB | 98/255 kB
Progress (3): 251 kB | 26 kB | 102/255 kB
Progress (3): 251 kB | 26 kB | 106/255 kB
Progress (3): 251 kB | 26 kB | 110/255 kB
Progress (3): 251 kB | 26 kB | 114/255 kB
Progress (3): 251 kB | 26 kB | 118/255 kB
Progress (3): 251 kB | 26 kB | 122/255 kB
Progress (3): 251 kB | 26 kB | 127/255 kB
Progress (3): 251 kB | 26 kB | 131/255 kB
Progress (3): 251 kB | 26 kB | 135/255 kB
Progress (3): 251 kB | 26 kB | 139/255 kB
Progress (3): 251 kB | 26 kB | 143/255 kB
Progress (3): 251 kB | 26 kB | 147/255 kB
Progress (3): 251 kB | 26 kB | 151/255 kB
Progress (3): 251 kB | 26 kB | 155/255 kB
Progress (3): 251 kB | 26 kB | 159/255 kB
Progress (3): 251 kB | 26 kB | 163/255 kB
Progress (3): 251 kB | 26 kB | 167/255 kB
Progress (3): 251 kB | 26 kB | 172/255 kB
Progress (3): 251 kB | 26 kB | 176/255 kB
Progress (3): 251 kB | 26 kB | 180/255 kB
Progress (3): 251 kB | 26 kB | 184/255 kB
Progress (3): 251 kB | 26 kB | 188/255 kB
Progress (3): 251 kB | 26 kB | 192/255 kB
Progress (3): 251 kB | 26 kB | 196/255 kB
Progress (3): 251 kB | 26 kB | 200/255 kB
Progress (3): 251 kB | 26 kB | 204/255 kB
Progress (3): 251 kB | 26 kB | 208/255 kB
Progress (3): 251 kB | 26 kB | 213/255 kB
Progress (3): 251 kB | 26 kB | 217/255 kB
Progress (3): 251 kB | 26 kB | 221/255 kB
Progress (3): 251 kB | 26 kB | 225/255 kB
Progress (3): 251 kB | 26 kB | 229/255 kB
Progress (3): 251 kB | 26 kB | 233/255 kB
Progress (3): 251 kB | 26 kB | 237/255 kB
Progress (3): 251 kB | 26 kB | 241/255 kB
Progress (3): 251 kB | 26 kB | 245/255 kB
Progress (3): 251 kB | 26 kB | 249/255 kB
Progress (3): 251 kB | 26 kB | 253/255 kB
Progress (3): 251 kB | 26 kB | 255 kB    
                                     
Downloaded from central: https://repo.maven.apache.org/maven2/org/springframework/boot/spring-boot-loader-tools/3.0.6/spring-boot-loader-tools-3.0.6.jar (251 kB at 1.2 MB/s)
Downloaded from central: https://repo.maven.apache.org/maven2/org/slf4j/slf4j-api/1.7.5/slf4j-api-1.7.5.jar (26 kB at 124 kB/s)
Downloaded from central: https://repo.maven.apache.org/maven2/org/springframework/boot/spring-boot-buildpack-platform/3.0.6/spring-boot-buildpack-platform-3.0.6.jar (255 kB at 1.1 MB/s)
[INFO] Replacing main artifact with repackaged archive
[INFO] ------------------------------------------------------------------------
[INFO] BUILD SUCCESS
[INFO] ------------------------------------------------------------------------
[INFO] Total time:  35.427 s
[INFO] Finished at: 2025-12-27T17:07:43+07:00
[INFO] ------------------------------------------------------------------------

